find_library: checking for mysql_query() in -lmysqlclient... -------------------- no

"gcc -o conftest -I/Users/dilloncoffman/.rvm/rubies/ruby-2.4.1/include/ruby-2.4.0/x86_64-darwin16 -I/Users/dilloncoffman/.rvm/rubies/ruby-2.4.1/include/ruby-2.4.0/ruby/backward -I/Users/dilloncoffman/.rvm/rubies/ruby-2.4.1/include/ruby-2.4.0 -I. -I/usr/local/include  -I/usr/local/opt/libyaml/include -I/usr/local/opt/readline/include -I/usr/local/opt/libksba/include -I/usr/local/opt/openssl@1.1/include -D_XOPEN_SOURCE -D_DARWIN_C_SOURCE -D_DARWIN_UNLIMITED_SELECT -D_REENTRANT   -O3 -fno-fast-math -ggdb3 -Wall -Wextra -Wno-unused-parameter -Wno-parentheses -Wno-long-long -Wno-missing-field-initializers -Wno-tautological-compare -Wno-parentheses-equality -Wno-constant-logical-operand -Wno-self-assign -Wunused-variable -Wimplicit-int -Wpointer-arith -Wwrite-strings -Wdeclaration-after-statement -Wshorten-64-to-32 -Wimplicit-function-declaration -Wdivision-by-zero -Wdeprecated-declarations -Wextra-tokens  -fno-common -pipe conftest.c  -L. -L/Users/dilloncoffman/.rvm/rubies/ruby-2.4.1/lib -L/usr/local/lib -L/usr/local/opt/libyaml/lib -L/usr/local/opt/readline/lib -L/usr/local/opt/libksba/lib -L/usr/local/opt/openssl@1.1/lib -L. -fstack-protector -L/usr/local/opt/libyaml/lib -L/usr/local/opt/readline/lib -L/usr/local/opt/libksba/lib -L/usr/local/opt/openssl@1.1/lib     -lruby.2.4.1  -lpthread -ldl -lobjc "
checked program was:
/* begin */
1: #include "ruby.h"
2: 
3: int main(int argc, char **argv)
4: {
5:   return 0;
6: }
/* end */

"gcc -o conftest -I/Users/dilloncoffman/.rvm/rubies/ruby-2.4.1/include/ruby-2.4.0/x86_64-darwin16 -I/Users/dilloncoffman/.rvm/rubies/ruby-2.4.1/include/ruby-2.4.0/ruby/backward -I/Users/dilloncoffman/.rvm/rubies/ruby-2.4.1/include/ruby-2.4.0 -I. -I/usr/local/include  -I/usr/local/opt/libyaml/include -I/usr/local/opt/readline/include -I/usr/local/opt/libksba/include -I/usr/local/opt/openssl@1.1/include -D_XOPEN_SOURCE -D_DARWIN_C_SOURCE -D_DARWIN_UNLIMITED_SELECT -D_REENTRANT   -O3 -fno-fast-math -ggdb3 -Wall -Wextra -Wno-unused-parameter -Wno-parentheses -Wno-long-long -Wno-missing-field-initializers -Wno-tautological-compare -Wno-parentheses-equality -Wno-constant-logical-operand -Wno-self-assign -Wunused-variable -Wimplicit-int -Wpointer-arith -Wwrite-strings -Wdeclaration-after-statement -Wshorten-64-to-32 -Wimplicit-function-declaration -Wdivision-by-zero -Wdeprecated-declarations -Wextra-tokens  -fno-common -pipe conftest.c  -L. -L/Users/dilloncoffman/.rvm/rubies/ruby-2.4.1/lib -L/usr/local/lib -L/usr/local/opt/libyaml/lib -L/usr/local/opt/readline/lib -L/usr/local/opt/libksba/lib -L/usr/local/opt/openssl@1.1/lib -L. -fstack-protector -L/usr/local/opt/libyaml/lib -L/usr/local/opt/readline/lib -L/usr/local/opt/libksba/lib -L/usr/local/opt/openssl@1.1/lib     -lruby.2.4.1 -lmysqlclient  -lpthread -ldl -lobjc "
conftest.c:13:57: error: use of undeclared identifier 'mysql_query'
int t(void) { void ((*volatile p)()); p = (void ((*)()))mysql_query; return !p; }
                                                        ^
1 error generated.
checked program was:
/* begin */
 1: #include "ruby.h"
 2: 
 3: /*top*/
 4: extern int t(void);
 5: int main(int argc, char **argv)
 6: {
 7:   if (argc > 1000000) {
 8:     printf("%p", &t);
 9:   }
10: 
11:   return 0;
12: }
13: int t(void) { void ((*volatile p)()); p = (void ((*)()))mysql_query; return !p; }
/* end */

"gcc -o conftest -I/Users/dilloncoffman/.rvm/rubies/ruby-2.4.1/include/ruby-2.4.0/x86_64-darwin16 -I/Users/dilloncoffman/.rvm/rubies/ruby-2.4.1/include/ruby-2.4.0/ruby/backward -I/Users/dilloncoffman/.rvm/rubies/ruby-2.4.1/include/ruby-2.4.0 -I. -I/usr/local/include  -I/usr/local/opt/libyaml/include -I/usr/local/opt/readline/include -I/usr/local/opt/libksba/include -I/usr/local/opt/openssl@1.1/include -D_XOPEN_SOURCE -D_DARWIN_C_SOURCE -D_DARWIN_UNLIMITED_SELECT -D_REENTRANT   -O3 -fno-fast-math -ggdb3 -Wall -Wextra -Wno-unused-parameter -Wno-parentheses -Wno-long-long -Wno-missing-field-initializers -Wno-tautological-compare -Wno-parentheses-equality -Wno-constant-logical-operand -Wno-self-assign -Wunused-variable -Wimplicit-int -Wpointer-arith -Wwrite-strings -Wdeclaration-after-statement -Wshorten-64-to-32 -Wimplicit-function-declaration -Wdivision-by-zero -Wdeprecated-declarations -Wextra-tokens  -fno-common -pipe conftest.c  -L. -L/Users/dilloncoffman/.rvm/rubies/ruby-2.4.1/lib -L/usr/local/lib -L/usr/local/opt/libyaml/lib -L/usr/local/opt/readline/lib -L/usr/local/opt/libksba/lib -L/usr/local/opt/openssl@1.1/lib -L. -fstack-protector -L/usr/local/opt/libyaml/lib -L/usr/local/opt/readline/lib -L/usr/local/opt/libksba/lib -L/usr/local/opt/openssl@1.1/lib     -lruby.2.4.1 -lmysqlclient  -lpthread -ldl -lobjc "
ld: library not found for -lmysqlclient
clang: error: linker command failed with exit code 1 (use -v to see invocation)
checked program was:
/* begin */
 1: #include "ruby.h"
 2: 
 3: /*top*/
 4: extern int t(void);
 5: int main(int argc, char **argv)
 6: {
 7:   if (argc > 1000000) {
 8:     printf("%p", &t);
 9:   }
10: 
11:   return 0;
12: }
13: extern void mysql_query();
14: int t(void) { mysql_query(); return 0; }
/* end */

"gcc -o conftest -I/Users/dilloncoffman/.rvm/rubies/ruby-2.4.1/include/ruby-2.4.0/x86_64-darwin16 -I/Users/dilloncoffman/.rvm/rubies/ruby-2.4.1/include/ruby-2.4.0/ruby/backward -I/Users/dilloncoffman/.rvm/rubies/ruby-2.4.1/include/ruby-2.4.0 -I. -I/usr/local/include  -I/usr/local/opt/libyaml/include -I/usr/local/opt/readline/include -I/usr/local/opt/libksba/include -I/usr/local/opt/openssl@1.1/include -D_XOPEN_SOURCE -D_DARWIN_C_SOURCE -D_DARWIN_UNLIMITED_SELECT -D_REENTRANT   -O3 -fno-fast-math -ggdb3 -Wall -Wextra -Wno-unused-parameter -Wno-parentheses -Wno-long-long -Wno-missing-field-initializers -Wno-tautological-compare -Wno-parentheses-equality -Wno-constant-logical-operand -Wno-self-assign -Wunused-variable -Wimplicit-int -Wpointer-arith -Wwrite-strings -Wdeclaration-after-statement -Wshorten-64-to-32 -Wimplicit-function-declaration -Wdivision-by-zero -Wdeprecated-declarations -Wextra-tokens  -fno-common -pipe conftest.c  -L. -L/Users/dilloncoffman/.rvm/rubies/ruby-2.4.1/lib -L/usr/local/lib -L/usr/local/opt/libyaml/lib -L/usr/local/opt/readline/lib -L/usr/local/opt/libksba/lib -L/usr/local/opt/openssl@1.1/lib -L. -fstack-protector -L/usr/local/opt/libyaml/lib -L/usr/local/opt/readline/lib -L/usr/local/opt/libksba/lib -L/usr/local/opt/openssl@1.1/lib     -lruby.2.4.1 -lmysqlclient  -lpthread -ldl -lobjc "
conftest.c:13:57: error: use of undeclared identifier 'mysql_query'
int t(void) { void ((*volatile p)()); p = (void ((*)()))mysql_query; return !p; }
                                                        ^
1 error generated.
checked program was:
/* begin */
 1: #include "ruby.h"
 2: 
 3: /*top*/
 4: extern int t(void);
 5: int main(int argc, char **argv)
 6: {
 7:   if (argc > 1000000) {
 8:     printf("%p", &t);
 9:   }
10: 
11:   return 0;
12: }
13: int t(void) { void ((*volatile p)()); p = (void ((*)()))mysql_query; return !p; }
/* end */

"gcc -o conftest -I/Users/dilloncoffman/.rvm/rubies/ruby-2.4.1/include/ruby-2.4.0/x86_64-darwin16 -I/Users/dilloncoffman/.rvm/rubies/ruby-2.4.1/include/ruby-2.4.0/ruby/backward -I/Users/dilloncoffman/.rvm/rubies/ruby-2.4.1/include/ruby-2.4.0 -I. -I/usr/local/include  -I/usr/local/opt/libyaml/include -I/usr/local/opt/readline/include -I/usr/local/opt/libksba/include -I/usr/local/opt/openssl@1.1/include -D_XOPEN_SOURCE -D_DARWIN_C_SOURCE -D_DARWIN_UNLIMITED_SELECT -D_REENTRANT   -O3 -fno-fast-math -ggdb3 -Wall -Wextra -Wno-unused-parameter -Wno-parentheses -Wno-long-long -Wno-missing-field-initializers -Wno-tautological-compare -Wno-parentheses-equality -Wno-constant-logical-operand -Wno-self-assign -Wunused-variable -Wimplicit-int -Wpointer-arith -Wwrite-strings -Wdeclaration-after-statement -Wshorten-64-to-32 -Wimplicit-function-declaration -Wdivision-by-zero -Wdeprecated-declarations -Wextra-tokens  -fno-common -pipe conftest.c  -L. -L/Users/dilloncoffman/.rvm/rubies/ruby-2.4.1/lib -L/usr/local/lib -L/usr/local/opt/libyaml/lib -L/usr/local/opt/readline/lib -L/usr/local/opt/libksba/lib -L/usr/local/opt/openssl@1.1/lib -L. -fstack-protector -L/usr/local/opt/libyaml/lib -L/usr/local/opt/readline/lib -L/usr/local/opt/libksba/lib -L/usr/local/opt/openssl@1.1/lib     -lruby.2.4.1 -lmysqlclient  -lpthread -ldl -lobjc "
ld: library not found for -lmysqlclient
clang: error: linker command failed with exit code 1 (use -v to see invocation)
checked program was:
/* begin */
 1: #include "ruby.h"
 2: 
 3: /*top*/
 4: extern int t(void);
 5: int main(int argc, char **argv)
 6: {
 7:   if (argc > 1000000) {
 8:     printf("%p", &t);
 9:   }
10: 
11:   return 0;
12: }
13: extern void mysql_query();
14: int t(void) { mysql_query(); return 0; }
/* end */

"gcc -o conftest -I/Users/dilloncoffman/.rvm/rubies/ruby-2.4.1/include/ruby-2.4.0/x86_64-darwin16 -I/Users/dilloncoffman/.rvm/rubies/ruby-2.4.1/include/ruby-2.4.0/ruby/backward -I/Users/dilloncoffman/.rvm/rubies/ruby-2.4.1/include/ruby-2.4.0 -I. -I/usr/local/include  -I/usr/local/opt/libyaml/include -I/usr/local/opt/readline/include -I/usr/local/opt/libksba/include -I/usr/local/opt/openssl@1.1/include -D_XOPEN_SOURCE -D_DARWIN_C_SOURCE -D_DARWIN_UNLIMITED_SELECT -D_REENTRANT   -O3 -fno-fast-math -ggdb3 -Wall -Wextra -Wno-unused-parameter -Wno-parentheses -Wno-long-long -Wno-missing-field-initializers -Wno-tautological-compare -Wno-parentheses-equality -Wno-constant-logical-operand -Wno-self-assign -Wunused-variable -Wimplicit-int -Wpointer-arith -Wwrite-strings -Wdeclaration-after-statement -Wshorten-64-to-32 -Wimplicit-function-declaration -Wdivision-by-zero -Wdeprecated-declarations -Wextra-tokens  -fno-common -pipe conftest.c  -L. -L/Users/dilloncoffman/.rvm/rubies/ruby-2.4.1/lib -L/usr/local/lib -L/usr/local/opt/libyaml/lib -L/usr/local/opt/readline/lib -L/usr/local/opt/libksba/lib -L/usr/local/opt/openssl@1.1/lib -L/usr/local/lib/mysql -L. -fstack-protector -L/usr/local/opt/libyaml/lib -L/usr/local/opt/readline/lib -L/usr/local/opt/libksba/lib -L/usr/local/opt/openssl@1.1/lib     -lruby.2.4.1 -lmysqlclient  -lpthread -ldl -lobjc "
conftest.c:13:57: error: use of undeclared identifier 'mysql_query'
int t(void) { void ((*volatile p)()); p = (void ((*)()))mysql_query; return !p; }
                                                        ^
1 error generated.
checked program was:
/* begin */
 1: #include "ruby.h"
 2: 
 3: /*top*/
 4: extern int t(void);
 5: int main(int argc, char **argv)
 6: {
 7:   if (argc > 1000000) {
 8:     printf("%p", &t);
 9:   }
10: 
11:   return 0;
12: }
13: int t(void) { void ((*volatile p)()); p = (void ((*)()))mysql_query; return !p; }
/* end */

"gcc -o conftest -I/Users/dilloncoffman/.rvm/rubies/ruby-2.4.1/include/ruby-2.4.0/x86_64-darwin16 -I/Users/dilloncoffman/.rvm/rubies/ruby-2.4.1/include/ruby-2.4.0/ruby/backward -I/Users/dilloncoffman/.rvm/rubies/ruby-2.4.1/include/ruby-2.4.0 -I. -I/usr/local/include  -I/usr/local/opt/libyaml/include -I/usr/local/opt/readline/include -I/usr/local/opt/libksba/include -I/usr/local/opt/openssl@1.1/include -D_XOPEN_SOURCE -D_DARWIN_C_SOURCE -D_DARWIN_UNLIMITED_SELECT -D_REENTRANT   -O3 -fno-fast-math -ggdb3 -Wall -Wextra -Wno-unused-parameter -Wno-parentheses -Wno-long-long -Wno-missing-field-initializers -Wno-tautological-compare -Wno-parentheses-equality -Wno-constant-logical-operand -Wno-self-assign -Wunused-variable -Wimplicit-int -Wpointer-arith -Wwrite-strings -Wdeclaration-after-statement -Wshorten-64-to-32 -Wimplicit-function-declaration -Wdivision-by-zero -Wdeprecated-declarations -Wextra-tokens  -fno-common -pipe conftest.c  -L. -L/Users/dilloncoffman/.rvm/rubies/ruby-2.4.1/lib -L/usr/local/lib -L/usr/local/opt/libyaml/lib -L/usr/local/opt/readline/lib -L/usr/local/opt/libksba/lib -L/usr/local/opt/openssl@1.1/lib -L/usr/local/lib/mysql -L. -fstack-protector -L/usr/local/opt/libyaml/lib -L/usr/local/opt/readline/lib -L/usr/local/opt/libksba/lib -L/usr/local/opt/openssl@1.1/lib     -lruby.2.4.1 -lmysqlclient  -lpthread -ldl -lobjc "
ld: warning: directory not found for option '-L/usr/local/lib/mysql'
ld: library not found for -lmysqlclient
clang: error: linker command failed with exit code 1 (use -v to see invocation)
checked program was:
/* begin */
 1: #include "ruby.h"
 2: 
 3: /*top*/
 4: extern int t(void);
 5: int main(int argc, char **argv)
 6: {
 7:   if (argc > 1000000) {
 8:     printf("%p", &t);
 9:   }
10: 
11:   return 0;
12: }
13: extern void mysql_query();
14: int t(void) { mysql_query(); return 0; }
/* end */

--------------------

have_library: checking for -lm... -------------------- yes

"gcc -o conftest -I/Users/dilloncoffman/.rvm/rubies/ruby-2.4.1/include/ruby-2.4.0/x86_64-darwin16 -I/Users/dilloncoffman/.rvm/rubies/ruby-2.4.1/include/ruby-2.4.0/ruby/backward -I/Users/dilloncoffman/.rvm/rubies/ruby-2.4.1/include/ruby-2.4.0 -I. -I/usr/local/include  -I/usr/local/opt/libyaml/include -I/usr/local/opt/readline/include -I/usr/local/opt/libksba/include -I/usr/local/opt/openssl@1.1/include -D_XOPEN_SOURCE -D_DARWIN_C_SOURCE -D_DARWIN_UNLIMITED_SELECT -D_REENTRANT   -O3 -fno-fast-math -ggdb3 -Wall -Wextra -Wno-unused-parameter -Wno-parentheses -Wno-long-long -Wno-missing-field-initializers -Wno-tautological-compare -Wno-parentheses-equality -Wno-constant-logical-operand -Wno-self-assign -Wunused-variable -Wimplicit-int -Wpointer-arith -Wwrite-strings -Wdeclaration-after-statement -Wshorten-64-to-32 -Wimplicit-function-declaration -Wdivision-by-zero -Wdeprecated-declarations -Wextra-tokens  -fno-common -pipe conftest.c  -L. -L/Users/dilloncoffman/.rvm/rubies/ruby-2.4.1/lib -L/usr/local/lib -L/usr/local/opt/libyaml/lib -L/usr/local/opt/readline/lib -L/usr/local/opt/libksba/lib -L/usr/local/opt/openssl@1.1/lib -L. -fstack-protector -L/usr/local/opt/libyaml/lib -L/usr/local/opt/readline/lib -L/usr/local/opt/libksba/lib -L/usr/local/opt/openssl@1.1/lib     -lruby.2.4.1 -lm  -lpthread -ldl -lobjc "
checked program was:
/* begin */
 1: #include "ruby.h"
 2: 
 3: /*top*/
 4: extern int t(void);
 5: int main(int argc, char **argv)
 6: {
 7:   if (argc > 1000000) {
 8:     printf("%p", &t);
 9:   }
10: 
11:   return 0;
12: }
13: 
14: int t(void) { ; return 0; }
/* end */

--------------------

find_library: checking for mysql_query() in -lmysqlclient... -------------------- no

"gcc -o conftest -I/Users/dilloncoffman/.rvm/rubies/ruby-2.4.1/include/ruby-2.4.0/x86_64-darwin16 -I/Users/dilloncoffman/.rvm/rubies/ruby-2.4.1/include/ruby-2.4.0/ruby/backward -I/Users/dilloncoffman/.rvm/rubies/ruby-2.4.1/include/ruby-2.4.0 -I. -I/usr/local/include  -I/usr/local/opt/libyaml/include -I/usr/local/opt/readline/include -I/usr/local/opt/libksba/include -I/usr/local/opt/openssl@1.1/include -D_XOPEN_SOURCE -D_DARWIN_C_SOURCE -D_DARWIN_UNLIMITED_SELECT -D_REENTRANT   -O3 -fno-fast-math -ggdb3 -Wall -Wextra -Wno-unused-parameter -Wno-parentheses -Wno-long-long -Wno-missing-field-initializers -Wno-tautological-compare -Wno-parentheses-equality -Wno-constant-logical-operand -Wno-self-assign -Wunused-variable -Wimplicit-int -Wpointer-arith -Wwrite-strings -Wdeclaration-after-statement -Wshorten-64-to-32 -Wimplicit-function-declaration -Wdivision-by-zero -Wdeprecated-declarations -Wextra-tokens  -fno-common -pipe conftest.c  -L. -L/Users/dilloncoffman/.rvm/rubies/ruby-2.4.1/lib -L/usr/local/lib -L/usr/local/opt/libyaml/lib -L/usr/local/opt/readline/lib -L/usr/local/opt/libksba/lib -L/usr/local/opt/openssl@1.1/lib -L. -fstack-protector -L/usr/local/opt/libyaml/lib -L/usr/local/opt/readline/lib -L/usr/local/opt/libksba/lib -L/usr/local/opt/openssl@1.1/lib    -lm  -lruby.2.4.1 -lmysqlclient -lm  -lpthread -ldl -lobjc "
conftest.c:13:57: error: use of undeclared identifier 'mysql_query'
int t(void) { void ((*volatile p)()); p = (void ((*)()))mysql_query; return !p; }
                                                        ^
1 error generated.
checked program was:
/* begin */
 1: #include "ruby.h"
 2: 
 3: /*top*/
 4: extern int t(void);
 5: int main(int argc, char **argv)
 6: {
 7:   if (argc > 1000000) {
 8:     printf("%p", &t);
 9:   }
10: 
11:   return 0;
12: }
13: int t(void) { void ((*volatile p)()); p = (void ((*)()))mysql_query; return !p; }
/* end */

"gcc -o conftest -I/Users/dilloncoffman/.rvm/rubies/ruby-2.4.1/include/ruby-2.4.0/x86_64-darwin16 -I/Users/dilloncoffman/.rvm/rubies/ruby-2.4.1/include/ruby-2.4.0/ruby/backward -I/Users/dilloncoffman/.rvm/rubies/ruby-2.4.1/include/ruby-2.4.0 -I. -I/usr/local/include  -I/usr/local/opt/libyaml/include -I/usr/local/opt/readline/include -I/usr/local/opt/libksba/include -I/usr/local/opt/openssl@1.1/include -D_XOPEN_SOURCE -D_DARWIN_C_SOURCE -D_DARWIN_UNLIMITED_SELECT -D_REENTRANT   -O3 -fno-fast-math -ggdb3 -Wall -Wextra -Wno-unused-parameter -Wno-parentheses -Wno-long-long -Wno-missing-field-initializers -Wno-tautological-compare -Wno-parentheses-equality -Wno-constant-logical-operand -Wno-self-assign -Wunused-variable -Wimplicit-int -Wpointer-arith -Wwrite-strings -Wdeclaration-after-statement -Wshorten-64-to-32 -Wimplicit-function-declaration -Wdivision-by-zero -Wdeprecated-declarations -Wextra-tokens  -fno-common -pipe conftest.c  -L. -L/Users/dilloncoffman/.rvm/rubies/ruby-2.4.1/lib -L/usr/local/lib -L/usr/local/opt/libyaml/lib -L/usr/local/opt/readline/lib -L/usr/local/opt/libksba/lib -L/usr/local/opt/openssl@1.1/lib -L. -fstack-protector -L/usr/local/opt/libyaml/lib -L/usr/local/opt/readline/lib -L/usr/local/opt/libksba/lib -L/usr/local/opt/openssl@1.1/lib    -lm  -lruby.2.4.1 -lmysqlclient -lm  -lpthread -ldl -lobjc "
ld: library not found for -lmysqlclient
clang: error: linker command failed with exit code 1 (use -v to see invocation)
checked program was:
/* begin */
 1: #include "ruby.h"
 2: 
 3: /*top*/
 4: extern int t(void);
 5: int main(int argc, char **argv)
 6: {
 7:   if (argc > 1000000) {
 8:     printf("%p", &t);
 9:   }
10: 
11:   return 0;
12: }
13: extern void mysql_query();
14: int t(void) { mysql_query(); return 0; }
/* end */

"gcc -o conftest -I/Users/dilloncoffman/.rvm/rubies/ruby-2.4.1/include/ruby-2.4.0/x86_64-darwin16 -I/Users/dilloncoffman/.rvm/rubies/ruby-2.4.1/include/ruby-2.4.0/ruby/backward -I/Users/dilloncoffman/.rvm/rubies/ruby-2.4.1/include/ruby-2.4.0 -I. -I/usr/local/include  -I/usr/local/opt/libyaml/include -I/usr/local/opt/readline/include -I/usr/local/opt/libksba/include -I/usr/local/opt/openssl@1.1/include -D_XOPEN_SOURCE -D_DARWIN_C_SOURCE -D_DARWIN_UNLIMITED_SELECT -D_REENTRANT   -O3 -fno-fast-math -ggdb3 -Wall -Wextra -Wno-unused-parameter -Wno-parentheses -Wno-long-long -Wno-missing-field-initializers -Wno-tautological-compare -Wno-parentheses-equality -Wno-constant-logical-operand -Wno-self-assign -Wunused-variable -Wimplicit-int -Wpointer-arith -Wwrite-strings -Wdeclaration-after-statement -Wshorten-64-to-32 -Wimplicit-function-declaration -Wdivision-by-zero -Wdeprecated-declarations -Wextra-tokens  -fno-common -pipe conftest.c  -L. -L/Users/dilloncoffman/.rvm/rubies/ruby-2.4.1/lib -L/usr/local/lib -L/usr/local/opt/libyaml/lib -L/usr/local/opt/readline/lib -L/usr/local/opt/libksba/lib -L/usr/local/opt/openssl@1.1/lib -L. -fstack-protector -L/usr/local/opt/libyaml/lib -L/usr/local/opt/readline/lib -L/usr/local/opt/libksba/lib -L/usr/local/opt/openssl@1.1/lib    -lm  -lruby.2.4.1 -lmysqlclient -lm  -lpthread -ldl -lobjc "
conftest.c:13:57: error: use of undeclared identifier 'mysql_query'
int t(void) { void ((*volatile p)()); p = (void ((*)()))mysql_query; return !p; }
                                                        ^
1 error generated.
checked program was:
/* begin */
 1: #include "ruby.h"
 2: 
 3: /*top*/
 4: extern int t(void);
 5: int main(int argc, char **argv)
 6: {
 7:   if (argc > 1000000) {
 8:     printf("%p", &t);
 9:   }
10: 
11:   return 0;
12: }
13: int t(void) { void ((*volatile p)()); p = (void ((*)()))mysql_query; return !p; }
/* end */

"gcc -o conftest -I/Users/dilloncoffman/.rvm/rubies/ruby-2.4.1/include/ruby-2.4.0/x86_64-darwin16 -I/Users/dilloncoffman/.rvm/rubies/ruby-2.4.1/include/ruby-2.4.0/ruby/backward -I/Users/dilloncoffman/.rvm/rubies/ruby-2.4.1/include/ruby-2.4.0 -I. -I/usr/local/include  -I/usr/local/opt/libyaml/include -I/usr/local/opt/readline/include -I/usr/local/opt/libksba/include -I/usr/local/opt/openssl@1.1/include -D_XOPEN_SOURCE -D_DARWIN_C_SOURCE -D_DARWIN_UNLIMITED_SELECT -D_REENTRANT   -O3 -fno-fast-math -ggdb3 -Wall -Wextra -Wno-unused-parameter -Wno-parentheses -Wno-long-long -Wno-missing-field-initializers -Wno-tautological-compare -Wno-parentheses-equality -Wno-constant-logical-operand -Wno-self-assign -Wunused-variable -Wimplicit-int -Wpointer-arith -Wwrite-strings -Wdeclaration-after-statement -Wshorten-64-to-32 -Wimplicit-function-declaration -Wdivision-by-zero -Wdeprecated-declarations -Wextra-tokens  -fno-common -pipe conftest.c  -L. -L/Users/dilloncoffman/.rvm/rubies/ruby-2.4.1/lib -L/usr/local/lib -L/usr/local/opt/libyaml/lib -L/usr/local/opt/readline/lib -L/usr/local/opt/libksba/lib -L/usr/local/opt/openssl@1.1/lib -L. -fstack-protector -L/usr/local/opt/libyaml/lib -L/usr/local/opt/readline/lib -L/usr/local/opt/libksba/lib -L/usr/local/opt/openssl@1.1/lib    -lm  -lruby.2.4.1 -lmysqlclient -lm  -lpthread -ldl -lobjc "
ld: library not found for -lmysqlclient
clang: error: linker command failed with exit code 1 (use -v to see invocation)
checked program was:
/* begin */
 1: #include "ruby.h"
 2: 
 3: /*top*/
 4: extern int t(void);
 5: int main(int argc, char **argv)
 6: {
 7:   if (argc > 1000000) {
 8:     printf("%p", &t);
 9:   }
10: 
11:   return 0;
12: }
13: extern void mysql_query();
14: int t(void) { mysql_query(); return 0; }
/* end */

"gcc -o conftest -I/Users/dilloncoffman/.rvm/rubies/ruby-2.4.1/include/ruby-2.4.0/x86_64-darwin16 -I/Users/dilloncoffman/.rvm/rubies/ruby-2.4.1/include/ruby-2.4.0/ruby/backward -I/Users/dilloncoffman/.rvm/rubies/ruby-2.4.1/include/ruby-2.4.0 -I. -I/usr/local/include  -I/usr/local/opt/libyaml/include -I/usr/local/opt/readline/include -I/usr/local/opt/libksba/include -I/usr/local/opt/openssl@1.1/include -D_XOPEN_SOURCE -D_DARWIN_C_SOURCE -D_DARWIN_UNLIMITED_SELECT -D_REENTRANT   -O3 -fno-fast-math -ggdb3 -Wall -Wextra -Wno-unused-parameter -Wno-parentheses -Wno-long-long -Wno-missing-field-initializers -Wno-tautological-compare -Wno-parentheses-equality -Wno-constant-logical-operand -Wno-self-assign -Wunused-variable -Wimplicit-int -Wpointer-arith -Wwrite-strings -Wdeclaration-after-statement -Wshorten-64-to-32 -Wimplicit-function-declaration -Wdivision-by-zero -Wdeprecated-declarations -Wextra-tokens  -fno-common -pipe conftest.c  -L. -L/Users/dilloncoffman/.rvm/rubies/ruby-2.4.1/lib -L/usr/local/lib -L/usr/local/opt/libyaml/lib -L/usr/local/opt/readline/lib -L/usr/local/opt/libksba/lib -L/usr/local/opt/openssl@1.1/lib -L/usr/local/lib/mysql -L. -fstack-protector -L/usr/local/opt/libyaml/lib -L/usr/local/opt/readline/lib -L/usr/local/opt/libksba/lib -L/usr/local/opt/openssl@1.1/lib    -lm  -lruby.2.4.1 -lmysqlclient -lm  -lpthread -ldl -lobjc "
conftest.c:13:57: error: use of undeclared identifier 'mysql_query'
int t(void) { void ((*volatile p)()); p = (void ((*)()))mysql_query; return !p; }
                                                        ^
1 error generated.
checked program was:
/* begin */
 1: #include "ruby.h"
 2: 
 3: /*top*/
 4: extern int t(void);
 5: int main(int argc, char **argv)
 6: {
 7:   if (argc > 1000000) {
 8:     printf("%p", &t);
 9:   }
10: 
11:   return 0;
12: }
13: int t(void) { void ((*volatile p)()); p = (void ((*)()))mysql_query; return !p; }
/* end */

"gcc -o conftest -I/Users/dilloncoffman/.rvm/rubies/ruby-2.4.1/include/ruby-2.4.0/x86_64-darwin16 -I/Users/dilloncoffman/.rvm/rubies/ruby-2.4.1/include/ruby-2.4.0/ruby/backward -I/Users/dilloncoffman/.rvm/rubies/ruby-2.4.1/include/ruby-2.4.0 -I. -I/usr/local/include  -I/usr/local/opt/libyaml/include -I/usr/local/opt/readline/include -I/usr/local/opt/libksba/include -I/usr/local/opt/openssl@1.1/include -D_XOPEN_SOURCE -D_DARWIN_C_SOURCE -D_DARWIN_UNLIMITED_SELECT -D_REENTRANT   -O3 -fno-fast-math -ggdb3 -Wall -Wextra -Wno-unused-parameter -Wno-parentheses -Wno-long-long -Wno-missing-field-initializers -Wno-tautological-compare -Wno-parentheses-equality -Wno-constant-logical-operand -Wno-self-assign -Wunused-variable -Wimplicit-int -Wpointer-arith -Wwrite-strings -Wdeclaration-after-statement -Wshorten-64-to-32 -Wimplicit-function-declaration -Wdivision-by-zero -Wdeprecated-declarations -Wextra-tokens  -fno-common -pipe conftest.c  -L. -L/Users/dilloncoffman/.rvm/rubies/ruby-2.4.1/lib -L/usr/local/lib -L/usr/local/opt/libyaml/lib -L/usr/local/opt/readline/lib -L/usr/local/opt/libksba/lib -L/usr/local/opt/openssl@1.1/lib -L/usr/local/lib/mysql -L. -fstack-protector -L/usr/local/opt/libyaml/lib -L/usr/local/opt/readline/lib -L/usr/local/opt/libksba/lib -L/usr/local/opt/openssl@1.1/lib    -lm  -lruby.2.4.1 -lmysqlclient -lm  -lpthread -ldl -lobjc "
ld: warning: directory not found for option '-L/usr/local/lib/mysql'
ld: library not found for -lmysqlclient
clang: error: linker command failed with exit code 1 (use -v to see invocation)
checked program was:
/* begin */
 1: #include "ruby.h"
 2: 
 3: /*top*/
 4: extern int t(void);
 5: int main(int argc, char **argv)
 6: {
 7:   if (argc > 1000000) {
 8:     printf("%p", &t);
 9:   }
10: 
11:   return 0;
12: }
13: extern void mysql_query();
14: int t(void) { mysql_query(); return 0; }
/* end */

--------------------

have_library: checking for -lz... -------------------- yes

"gcc -o conftest -I/Users/dilloncoffman/.rvm/rubies/ruby-2.4.1/include/ruby-2.4.0/x86_64-darwin16 -I/Users/dilloncoffman/.rvm/rubies/ruby-2.4.1/include/ruby-2.4.0/ruby/backward -I/Users/dilloncoffman/.rvm/rubies/ruby-2.4.1/include/ruby-2.4.0 -I. -I/usr/local/include  -I/usr/local/opt/libyaml/include -I/usr/local/opt/readline/include -I/usr/local/opt/libksba/include -I/usr/local/opt/openssl@1.1/include -D_XOPEN_SOURCE -D_DARWIN_C_SOURCE -D_DARWIN_UNLIMITED_SELECT -D_REENTRANT   -O3 -fno-fast-math -ggdb3 -Wall -Wextra -Wno-unused-parameter -Wno-parentheses -Wno-long-long -Wno-missing-field-initializers -Wno-tautological-compare -Wno-parentheses-equality -Wno-constant-logical-operand -Wno-self-assign -Wunused-variable -Wimplicit-int -Wpointer-arith -Wwrite-strings -Wdeclaration-after-statement -Wshorten-64-to-32 -Wimplicit-function-declaration -Wdivision-by-zero -Wdeprecated-declarations -Wextra-tokens  -fno-common -pipe conftest.c  -L. -L/Users/dilloncoffman/.rvm/rubies/ruby-2.4.1/lib -L/usr/local/lib -L/usr/local/opt/libyaml/lib -L/usr/local/opt/readline/lib -L/usr/local/opt/libksba/lib -L/usr/local/opt/openssl@1.1/lib -L. -fstack-protector -L/usr/local/opt/libyaml/lib -L/usr/local/opt/readline/lib -L/usr/local/opt/libksba/lib -L/usr/local/opt/openssl@1.1/lib    -lm  -lruby.2.4.1 -lz -lm  -lpthread -ldl -lobjc "
checked program was:
/* begin */
 1: #include "ruby.h"
 2: 
 3: /*top*/
 4: extern int t(void);
 5: int main(int argc, char **argv)
 6: {
 7:   if (argc > 1000000) {
 8:     printf("%p", &t);
 9:   }
10: 
11:   return 0;
12: }
13: 
14: int t(void) { ; return 0; }
/* end */

--------------------

find_library: checking for mysql_query() in -lmysqlclient... -------------------- no

"gcc -o conftest -I/Users/dilloncoffman/.rvm/rubies/ruby-2.4.1/include/ruby-2.4.0/x86_64-darwin16 -I/Users/dilloncoffman/.rvm/rubies/ruby-2.4.1/include/ruby-2.4.0/ruby/backward -I/Users/dilloncoffman/.rvm/rubies/ruby-2.4.1/include/ruby-2.4.0 -I. -I/usr/local/include  -I/usr/local/opt/libyaml/include -I/usr/local/opt/readline/include -I/usr/local/opt/libksba/include -I/usr/local/opt/openssl@1.1/include -D_XOPEN_SOURCE -D_DARWIN_C_SOURCE -D_DARWIN_UNLIMITED_SELECT -D_REENTRANT   -O3 -fno-fast-math -ggdb3 -Wall -Wextra -Wno-unused-parameter -Wno-parentheses -Wno-long-long -Wno-missing-field-initializers -Wno-tautological-compare -Wno-parentheses-equality -Wno-constant-logical-operand -Wno-self-assign -Wunused-variable -Wimplicit-int -Wpointer-arith -Wwrite-strings -Wdeclaration-after-statement -Wshorten-64-to-32 -Wimplicit-function-declaration -Wdivision-by-zero -Wdeprecated-declarations -Wextra-tokens  -fno-common -pipe conftest.c  -L. -L/Users/dilloncoffman/.rvm/rubies/ruby-2.4.1/lib -L/usr/local/lib -L/usr/local/opt/libyaml/lib -L/usr/local/opt/readline/lib -L/usr/local/opt/libksba/lib -L/usr/local/opt/openssl@1.1/lib -L. -fstack-protector -L/usr/local/opt/libyaml/lib -L/usr/local/opt/readline/lib -L/usr/local/opt/libksba/lib -L/usr/local/opt/openssl@1.1/lib    -lz -lm  -lruby.2.4.1 -lmysqlclient -lz -lm  -lpthread -ldl -lobjc "
conftest.c:13:57: error: use of undeclared identifier 'mysql_query'
int t(void) { void ((*volatile p)()); p = (void ((*)()))mysql_query; return !p; }
                                                        ^
1 error generated.
checked program was:
/* begin */
 1: #include "ruby.h"
 2: 
 3: /*top*/
 4: extern int t(void);
 5: int main(int argc, char **argv)
 6: {
 7:   if (argc > 1000000) {
 8:     printf("%p", &t);
 9:   }
10: 
11:   return 0;
12: }
13: int t(void) { void ((*volatile p)()); p = (void ((*)()))mysql_query; return !p; }
/* end */

"gcc -o conftest -I/Users/dilloncoffman/.rvm/rubies/ruby-2.4.1/include/ruby-2.4.0/x86_64-darwin16 -I/Users/dilloncoffman/.rvm/rubies/ruby-2.4.1/include/ruby-2.4.0/ruby/backward -I/Users/dilloncoffman/.rvm/rubies/ruby-2.4.1/include/ruby-2.4.0 -I. -I/usr/local/include  -I/usr/local/opt/libyaml/include -I/usr/local/opt/readline/include -I/usr/local/opt/libksba/include -I/usr/local/opt/openssl@1.1/include -D_XOPEN_SOURCE -D_DARWIN_C_SOURCE -D_DARWIN_UNLIMITED_SELECT -D_REENTRANT   -O3 -fno-fast-math -ggdb3 -Wall -Wextra -Wno-unused-parameter -Wno-parentheses -Wno-long-long -Wno-missing-field-initializers -Wno-tautological-compare -Wno-parentheses-equality -Wno-constant-logical-operand -Wno-self-assign -Wunused-variable -Wimplicit-int -Wpointer-arith -Wwrite-strings -Wdeclaration-after-statement -Wshorten-64-to-32 -Wimplicit-function-declaration -Wdivision-by-zero -Wdeprecated-declarations -Wextra-tokens  -fno-common -pipe conftest.c  -L. -L/Users/dilloncoffman/.rvm/rubies/ruby-2.4.1/lib -L/usr/local/lib -L/usr/local/opt/libyaml/lib -L/usr/local/opt/readline/lib -L/usr/local/opt/libksba/lib -L/usr/local/opt/openssl@1.1/lib -L. -fstack-protector -L/usr/local/opt/libyaml/lib -L/usr/local/opt/readline/lib -L/usr/local/opt/libksba/lib -L/usr/local/opt/openssl@1.1/lib    -lz -lm  -lruby.2.4.1 -lmysqlclient -lz -lm  -lpthread -ldl -lobjc "
ld: library not found for -lmysqlclient
clang: error: linker command failed with exit code 1 (use -v to see invocation)
checked program was:
/* begin */
 1: #include "ruby.h"
 2: 
 3: /*top*/
 4: extern int t(void);
 5: int main(int argc, char **argv)
 6: {
 7:   if (argc > 1000000) {
 8:     printf("%p", &t);
 9:   }
10: 
11:   return 0;
12: }
13: extern void mysql_query();
14: int t(void) { mysql_query(); return 0; }
/* end */

"gcc -o conftest -I/Users/dilloncoffman/.rvm/rubies/ruby-2.4.1/include/ruby-2.4.0/x86_64-darwin16 -I/Users/dilloncoffman/.rvm/rubies/ruby-2.4.1/include/ruby-2.4.0/ruby/backward -I/Users/dilloncoffman/.rvm/rubies/ruby-2.4.1/include/ruby-2.4.0 -I. -I/usr/local/include  -I/usr/local/opt/libyaml/include -I/usr/local/opt/readline/include -I/usr/local/opt/libksba/include -I/usr/local/opt/openssl@1.1/include -D_XOPEN_SOURCE -D_DARWIN_C_SOURCE -D_DARWIN_UNLIMITED_SELECT -D_REENTRANT   -O3 -fno-fast-math -ggdb3 -Wall -Wextra -Wno-unused-parameter -Wno-parentheses -Wno-long-long -Wno-missing-field-initializers -Wno-tautological-compare -Wno-parentheses-equality -Wno-constant-logical-operand -Wno-self-assign -Wunused-variable -Wimplicit-int -Wpointer-arith -Wwrite-strings -Wdeclaration-after-statement -Wshorten-64-to-32 -Wimplicit-function-declaration -Wdivision-by-zero -Wdeprecated-declarations -Wextra-tokens  -fno-common -pipe conftest.c  -L. -L/Users/dilloncoffman/.rvm/rubies/ruby-2.4.1/lib -L/usr/local/lib -L/usr/local/opt/libyaml/lib -L/usr/local/opt/readline/lib -L/usr/local/opt/libksba/lib -L/usr/local/opt/openssl@1.1/lib -L. -fstack-protector -L/usr/local/opt/libyaml/lib -L/usr/local/opt/readline/lib -L/usr/local/opt/libksba/lib -L/usr/local/opt/openssl@1.1/lib    -lz -lm  -lruby.2.4.1 -lmysqlclient -lz -lm  -lpthread -ldl -lobjc "
conftest.c:13:57: error: use of undeclared identifier 'mysql_query'
int t(void) { void ((*volatile p)()); p = (void ((*)()))mysql_query; return !p; }
                                                        ^
1 error generated.
checked program was:
/* begin */
 1: #include "ruby.h"
 2: 
 3: /*top*/
 4: extern int t(void);
 5: int main(int argc, char **argv)
 6: {
 7:   if (argc > 1000000) {
 8:     printf("%p", &t);
 9:   }
10: 
11:   return 0;
12: }
13: int t(void) { void ((*volatile p)()); p = (void ((*)()))mysql_query; return !p; }
/* end */

"gcc -o conftest -I/Users/dilloncoffman/.rvm/rubies/ruby-2.4.1/include/ruby-2.4.0/x86_64-darwin16 -I/Users/dilloncoffman/.rvm/rubies/ruby-2.4.1/include/ruby-2.4.0/ruby/backward -I/Users/dilloncoffman/.rvm/rubies/ruby-2.4.1/include/ruby-2.4.0 -I. -I/usr/local/include  -I/usr/local/opt/libyaml/include -I/usr/local/opt/readline/include -I/usr/local/opt/libksba/include -I/usr/local/opt/openssl@1.1/include -D_XOPEN_SOURCE -D_DARWIN_C_SOURCE -D_DARWIN_UNLIMITED_SELECT -D_REENTRANT   -O3 -fno-fast-math -ggdb3 -Wall -Wextra -Wno-unused-parameter -Wno-parentheses -Wno-long-long -Wno-missing-field-initializers -Wno-tautological-compare -Wno-parentheses-equality -Wno-constant-logical-operand -Wno-self-assign -Wunused-variable -Wimplicit-int -Wpointer-arith -Wwrite-strings -Wdeclaration-after-statement -Wshorten-64-to-32 -Wimplicit-function-declaration -Wdivision-by-zero -Wdeprecated-declarations -Wextra-tokens  -fno-common -pipe conftest.c  -L. -L/Users/dilloncoffman/.rvm/rubies/ruby-2.4.1/lib -L/usr/local/lib -L/usr/local/opt/libyaml/lib -L/usr/local/opt/readline/lib -L/usr/local/opt/libksba/lib -L/usr/local/opt/openssl@1.1/lib -L. -fstack-protector -L/usr/local/opt/libyaml/lib -L/usr/local/opt/readline/lib -L/usr/local/opt/libksba/lib -L/usr/local/opt/openssl@1.1/lib    -lz -lm  -lruby.2.4.1 -lmysqlclient -lz -lm  -lpthread -ldl -lobjc "
ld: library not found for -lmysqlclient
clang: error: linker command failed with exit code 1 (use -v to see invocation)
checked program was:
/* begin */
 1: #include "ruby.h"
 2: 
 3: /*top*/
 4: extern int t(void);
 5: int main(int argc, char **argv)
 6: {
 7:   if (argc > 1000000) {
 8:     printf("%p", &t);
 9:   }
10: 
11:   return 0;
12: }
13: extern void mysql_query();
14: int t(void) { mysql_query(); return 0; }
/* end */

"gcc -o conftest -I/Users/dilloncoffman/.rvm/rubies/ruby-2.4.1/include/ruby-2.4.0/x86_64-darwin16 -I/Users/dilloncoffman/.rvm/rubies/ruby-2.4.1/include/ruby-2.4.0/ruby/backward -I/Users/dilloncoffman/.rvm/rubies/ruby-2.4.1/include/ruby-2.4.0 -I. -I/usr/local/include  -I/usr/local/opt/libyaml/include -I/usr/local/opt/readline/include -I/usr/local/opt/libksba/include -I/usr/local/opt/openssl@1.1/include -D_XOPEN_SOURCE -D_DARWIN_C_SOURCE -D_DARWIN_UNLIMITED_SELECT -D_REENTRANT   -O3 -fno-fast-math -ggdb3 -Wall -Wextra -Wno-unused-parameter -Wno-parentheses -Wno-long-long -Wno-missing-field-initializers -Wno-tautological-compare -Wno-parentheses-equality -Wno-constant-logical-operand -Wno-self-assign -Wunused-variable -Wimplicit-int -Wpointer-arith -Wwrite-strings -Wdeclaration-after-statement -Wshorten-64-to-32 -Wimplicit-function-declaration -Wdivision-by-zero -Wdeprecated-declarations -Wextra-tokens  -fno-common -pipe conftest.c  -L. -L/Users/dilloncoffman/.rvm/rubies/ruby-2.4.1/lib -L/usr/local/lib -L/usr/local/opt/libyaml/lib -L/usr/local/opt/readline/lib -L/usr/local/opt/libksba/lib -L/usr/local/opt/openssl@1.1/lib -L/usr/local/lib/mysql -L. -fstack-protector -L/usr/local/opt/libyaml/lib -L/usr/local/opt/readline/lib -L/usr/local/opt/libksba/lib -L/usr/local/opt/openssl@1.1/lib    -lz -lm  -lruby.2.4.1 -lmysqlclient -lz -lm  -lpthread -ldl -lobjc "
conftest.c:13:57: error: use of undeclared identifier 'mysql_query'
int t(void) { void ((*volatile p)()); p = (void ((*)()))mysql_query; return !p; }
                                                        ^
1 error generated.
checked program was:
/* begin */
 1: #include "ruby.h"
 2: 
 3: /*top*/
 4: extern int t(void);
 5: int main(int argc, char **argv)
 6: {
 7:   if (argc > 1000000) {
 8:     printf("%p", &t);
 9:   }
10: 
11:   return 0;
12: }
13: int t(void) { void ((*volatile p)()); p = (void ((*)()))mysql_query; return !p; }
/* end */

"gcc -o conftest -I/Users/dilloncoffman/.rvm/rubies/ruby-2.4.1/include/ruby-2.4.0/x86_64-darwin16 -I/Users/dilloncoffman/.rvm/rubies/ruby-2.4.1/include/ruby-2.4.0/ruby/backward -I/Users/dilloncoffman/.rvm/rubies/ruby-2.4.1/include/ruby-2.4.0 -I. -I/usr/local/include  -I/usr/local/opt/libyaml/include -I/usr/local/opt/readline/include -I/usr/local/opt/libksba/include -I/usr/local/opt/openssl@1.1/include -D_XOPEN_SOURCE -D_DARWIN_C_SOURCE -D_DARWIN_UNLIMITED_SELECT -D_REENTRANT   -O3 -fno-fast-math -ggdb3 -Wall -Wextra -Wno-unused-parameter -Wno-parentheses -Wno-long-long -Wno-missing-field-initializers -Wno-tautological-compare -Wno-parentheses-equality -Wno-constant-logical-operand -Wno-self-assign -Wunused-variable -Wimplicit-int -Wpointer-arith -Wwrite-strings -Wdeclaration-after-statement -Wshorten-64-to-32 -Wimplicit-function-declaration -Wdivision-by-zero -Wdeprecated-declarations -Wextra-tokens  -fno-common -pipe conftest.c  -L. -L/Users/dilloncoffman/.rvm/rubies/ruby-2.4.1/lib -L/usr/local/lib -L/usr/local/opt/libyaml/lib -L/usr/local/opt/readline/lib -L/usr/local/opt/libksba/lib -L/usr/local/opt/openssl@1.1/lib -L/usr/local/lib/mysql -L. -fstack-protector -L/usr/local/opt/libyaml/lib -L/usr/local/opt/readline/lib -L/usr/local/opt/libksba/lib -L/usr/local/opt/openssl@1.1/lib    -lz -lm  -lruby.2.4.1 -lmysqlclient -lz -lm  -lpthread -ldl -lobjc "
ld: warning: directory not found for option '-L/usr/local/lib/mysql'
ld: library not found for -lmysqlclient
clang: error: linker command failed with exit code 1 (use -v to see invocation)
checked program was:
/* begin */
 1: #include "ruby.h"
 2: 
 3: /*top*/
 4: extern int t(void);
 5: int main(int argc, char **argv)
 6: {
 7:   if (argc > 1000000) {
 8:     printf("%p", &t);
 9:   }
10: 
11:   return 0;
12: }
13: extern void mysql_query();
14: int t(void) { mysql_query(); return 0; }
/* end */

--------------------

have_library: checking for -lsocket... -------------------- no

"gcc -o conftest -I/Users/dilloncoffman/.rvm/rubies/ruby-2.4.1/include/ruby-2.4.0/x86_64-darwin16 -I/Users/dilloncoffman/.rvm/rubies/ruby-2.4.1/include/ruby-2.4.0/ruby/backward -I/Users/dilloncoffman/.rvm/rubies/ruby-2.4.1/include/ruby-2.4.0 -I. -I/usr/local/include  -I/usr/local/opt/libyaml/include -I/usr/local/opt/readline/include -I/usr/local/opt/libksba/include -I/usr/local/opt/openssl@1.1/include -D_XOPEN_SOURCE -D_DARWIN_C_SOURCE -D_DARWIN_UNLIMITED_SELECT -D_REENTRANT   -O3 -fno-fast-math -ggdb3 -Wall -Wextra -Wno-unused-parameter -Wno-parentheses -Wno-long-long -Wno-missing-field-initializers -Wno-tautological-compare -Wno-parentheses-equality -Wno-constant-logical-operand -Wno-self-assign -Wunused-variable -Wimplicit-int -Wpointer-arith -Wwrite-strings -Wdeclaration-after-statement -Wshorten-64-to-32 -Wimplicit-function-declaration -Wdivision-by-zero -Wdeprecated-declarations -Wextra-tokens  -fno-common -pipe conftest.c  -L. -L/Users/dilloncoffman/.rvm/rubies/ruby-2.4.1/lib -L/usr/local/lib -L/usr/local/opt/libyaml/lib -L/usr/local/opt/readline/lib -L/usr/local/opt/libksba/lib -L/usr/local/opt/openssl@1.1/lib -L. -fstack-protector -L/usr/local/opt/libyaml/lib -L/usr/local/opt/readline/lib -L/usr/local/opt/libksba/lib -L/usr/local/opt/openssl@1.1/lib    -lz -lm  -lruby.2.4.1 -lsocket -lz -lm  -lpthread -ldl -lobjc "
ld: library not found for -lsocket
clang: error: linker command failed with exit code 1 (use -v to see invocation)
checked program was:
/* begin */
 1: #include "ruby.h"
 2: 
 3: /*top*/
 4: extern int t(void);
 5: int main(int argc, char **argv)
 6: {
 7:   if (argc > 1000000) {
 8:     printf("%p", &t);
 9:   }
10: 
11:   return 0;
12: }
13: 
14: int t(void) { ; return 0; }
/* end */

--------------------

find_library: checking for mysql_query() in -lmysqlclient... -------------------- no

"gcc -o conftest -I/Users/dilloncoffman/.rvm/rubies/ruby-2.4.1/include/ruby-2.4.0/x86_64-darwin16 -I/Users/dilloncoffman/.rvm/rubies/ruby-2.4.1/include/ruby-2.4.0/ruby/backward -I/Users/dilloncoffman/.rvm/rubies/ruby-2.4.1/include/ruby-2.4.0 -I. -I/usr/local/include  -I/usr/local/opt/libyaml/include -I/usr/local/opt/readline/include -I/usr/local/opt/libksba/include -I/usr/local/opt/openssl@1.1/include -D_XOPEN_SOURCE -D_DARWIN_C_SOURCE -D_DARWIN_UNLIMITED_SELECT -D_REENTRANT   -O3 -fno-fast-math -ggdb3 -Wall -Wextra -Wno-unused-parameter -Wno-parentheses -Wno-long-long -Wno-missing-field-initializers -Wno-tautological-compare -Wno-parentheses-equality -Wno-constant-logical-operand -Wno-self-assign -Wunused-variable -Wimplicit-int -Wpointer-arith -Wwrite-strings -Wdeclaration-after-statement -Wshorten-64-to-32 -Wimplicit-function-declaration -Wdivision-by-zero -Wdeprecated-declarations -Wextra-tokens  -fno-common -pipe conftest.c  -L. -L/Users/dilloncoffman/.rvm/rubies/ruby-2.4.1/lib -L/usr/local/lib -L/usr/local/opt/libyaml/lib -L/usr/local/opt/readline/lib -L/usr/local/opt/libksba/lib -L/usr/local/opt/openssl@1.1/lib -L. -fstack-protector -L/usr/local/opt/libyaml/lib -L/usr/local/opt/readline/lib -L/usr/local/opt/libksba/lib -L/usr/local/opt/openssl@1.1/lib    -lz -lm  -lruby.2.4.1 -lmysqlclient -lz -lm  -lpthread -ldl -lobjc "
conftest.c:13:57: error: use of undeclared identifier 'mysql_query'
int t(void) { void ((*volatile p)()); p = (void ((*)()))mysql_query; return !p; }
                                                        ^
1 error generated.
checked program was:
/* begin */
 1: #include "ruby.h"
 2: 
 3: /*top*/
 4: extern int t(void);
 5: int main(int argc, char **argv)
 6: {
 7:   if (argc > 1000000) {
 8:     printf("%p", &t);
 9:   }
10: 
11:   return 0;
12: }
13: int t(void) { void ((*volatile p)()); p = (void ((*)()))mysql_query; return !p; }
/* end */

"gcc -o conftest -I/Users/dilloncoffman/.rvm/rubies/ruby-2.4.1/include/ruby-2.4.0/x86_64-darwin16 -I/Users/dilloncoffman/.rvm/rubies/ruby-2.4.1/include/ruby-2.4.0/ruby/backward -I/Users/dilloncoffman/.rvm/rubies/ruby-2.4.1/include/ruby-2.4.0 -I. -I/usr/local/include  -I/usr/local/opt/libyaml/include -I/usr/local/opt/readline/include -I/usr/local/opt/libksba/include -I/usr/local/opt/openssl@1.1/include -D_XOPEN_SOURCE -D_DARWIN_C_SOURCE -D_DARWIN_UNLIMITED_SELECT -D_REENTRANT   -O3 -fno-fast-math -ggdb3 -Wall -Wextra -Wno-unused-parameter -Wno-parentheses -Wno-long-long -Wno-missing-field-initializers -Wno-tautological-compare -Wno-parentheses-equality -Wno-constant-logical-operand -Wno-self-assign -Wunused-variable -Wimplicit-int -Wpointer-arith -Wwrite-strings -Wdeclaration-after-statement -Wshorten-64-to-32 -Wimplicit-function-declaration -Wdivision-by-zero -Wdeprecated-declarations -Wextra-tokens  -fno-common -pipe conftest.c  -L. -L/Users/dilloncoffman/.rvm/rubies/ruby-2.4.1/lib -L/usr/local/lib -L/usr/local/opt/libyaml/lib -L/usr/local/opt/readline/lib -L/usr/local/opt/libksba/lib -L/usr/local/opt/openssl@1.1/lib -L. -fstack-protector -L/usr/local/opt/libyaml/lib -L/usr/local/opt/readline/lib -L/usr/local/opt/libksba/lib -L/usr/local/opt/openssl@1.1/lib    -lz -lm  -lruby.2.4.1 -lmysqlclient -lz -lm  -lpthread -ldl -lobjc "
ld: library not found for -lmysqlclient
clang: error: linker command failed with exit code 1 (use -v to see invocation)
checked program was:
/* begin */
 1: #include "ruby.h"
 2: 
 3: /*top*/
 4: extern int t(void);
 5: int main(int argc, char **argv)
 6: {
 7:   if (argc > 1000000) {
 8:     printf("%p", &t);
 9:   }
10: 
11:   return 0;
12: }
13: extern void mysql_query();
14: int t(void) { mysql_query(); return 0; }
/* end */

"gcc -o conftest -I/Users/dilloncoffman/.rvm/rubies/ruby-2.4.1/include/ruby-2.4.0/x86_64-darwin16 -I/Users/dilloncoffman/.rvm/rubies/ruby-2.4.1/include/ruby-2.4.0/ruby/backward -I/Users/dilloncoffman/.rvm/rubies/ruby-2.4.1/include/ruby-2.4.0 -I. -I/usr/local/include  -I/usr/local/opt/libyaml/include -I/usr/local/opt/readline/include -I/usr/local/opt/libksba/include -I/usr/local/opt/openssl@1.1/include -D_XOPEN_SOURCE -D_DARWIN_C_SOURCE -D_DARWIN_UNLIMITED_SELECT -D_REENTRANT   -O3 -fno-fast-math -ggdb3 -Wall -Wextra -Wno-unused-parameter -Wno-parentheses -Wno-long-long -Wno-missing-field-initializers -Wno-tautological-compare -Wno-parentheses-equality -Wno-constant-logical-operand -Wno-self-assign -Wunused-variable -Wimplicit-int -Wpointer-arith -Wwrite-strings -Wdeclaration-after-statement -Wshorten-64-to-32 -Wimplicit-function-declaration -Wdivision-by-zero -Wdeprecated-declarations -Wextra-tokens  -fno-common -pipe conftest.c  -L. -L/Users/dilloncoffman/.rvm/rubies/ruby-2.4.1/lib -L/usr/local/lib -L/usr/local/opt/libyaml/lib -L/usr/local/opt/readline/lib -L/usr/local/opt/libksba/lib -L/usr/local/opt/openssl@1.1/lib -L. -fstack-protector -L/usr/local/opt/libyaml/lib -L/usr/local/opt/readline/lib -L/usr/local/opt/libksba/lib -L/usr/local/opt/openssl@1.1/lib    -lz -lm  -lruby.2.4.1 -lmysqlclient -lz -lm  -lpthread -ldl -lobjc "
conftest.c:13:57: error: use of undeclared identifier 'mysql_query'
int t(void) { void ((*volatile p)()); p = (void ((*)()))mysql_query; return !p; }
                                                        ^
1 error generated.
checked program was:
/* begin */
 1: #include "ruby.h"
 2: 
 3: /*top*/
 4: extern int t(void);
 5: int main(int argc, char **argv)
 6: {
 7:   if (argc > 1000000) {
 8:     printf("%p", &t);
 9:   }
10: 
11:   return 0;
12: }
13: int t(void) { void ((*volatile p)()); p = (void ((*)()))mysql_query; return !p; }
/* end */

"gcc -o conftest -I/Users/dilloncoffman/.rvm/rubies/ruby-2.4.1/include/ruby-2.4.0/x86_64-darwin16 -I/Users/dilloncoffman/.rvm/rubies/ruby-2.4.1/include/ruby-2.4.0/ruby/backward -I/Users/dilloncoffman/.rvm/rubies/ruby-2.4.1/include/ruby-2.4.0 -I. -I/usr/local/include  -I/usr/local/opt/libyaml/include -I/usr/local/opt/readline/include -I/usr/local/opt/libksba/include -I/usr/local/opt/openssl@1.1/include -D_XOPEN_SOURCE -D_DARWIN_C_SOURCE -D_DARWIN_UNLIMITED_SELECT -D_REENTRANT   -O3 -fno-fast-math -ggdb3 -Wall -Wextra -Wno-unused-parameter -Wno-parentheses -Wno-long-long -Wno-missing-field-initializers -Wno-tautological-compare -Wno-parentheses-equality -Wno-constant-logical-operand -Wno-self-assign -Wunused-variable -Wimplicit-int -Wpointer-arith -Wwrite-strings -Wdeclaration-after-statement -Wshorten-64-to-32 -Wimplicit-function-declaration -Wdivision-by-zero -Wdeprecated-declarations -Wextra-tokens  -fno-common -pipe conftest.c  -L. -L/Users/dilloncoffman/.rvm/rubies/ruby-2.4.1/lib -L/usr/local/lib -L/usr/local/opt/libyaml/lib -L/usr/local/opt/readline/lib -L/usr/local/opt/libksba/lib -L/usr/local/opt/openssl@1.1/lib -L. -fstack-protector -L/usr/local/opt/libyaml/lib -L/usr/local/opt/readline/lib -L/usr/local/opt/libksba/lib -L/usr/local/opt/openssl@1.1/lib    -lz -lm  -lruby.2.4.1 -lmysqlclient -lz -lm  -lpthread -ldl -lobjc "
ld: library not found for -lmysqlclient
clang: error: linker command failed with exit code 1 (use -v to see invocation)
checked program was:
/* begin */
 1: #include "ruby.h"
 2: 
 3: /*top*/
 4: extern int t(void);
 5: int main(int argc, char **argv)
 6: {
 7:   if (argc > 1000000) {
 8:     printf("%p", &t);
 9:   }
10: 
11:   return 0;
12: }
13: extern void mysql_query();
14: int t(void) { mysql_query(); return 0; }
/* end */

"gcc -o conftest -I/Users/dilloncoffman/.rvm/rubies/ruby-2.4.1/include/ruby-2.4.0/x86_64-darwin16 -I/Users/dilloncoffman/.rvm/rubies/ruby-2.4.1/include/ruby-2.4.0/ruby/backward -I/Users/dilloncoffman/.rvm/rubies/ruby-2.4.1/include/ruby-2.4.0 -I. -I/usr/local/include  -I/usr/local/opt/libyaml/include -I/usr/local/opt/readline/include -I/usr/local/opt/libksba/include -I/usr/local/opt/openssl@1.1/include -D_XOPEN_SOURCE -D_DARWIN_C_SOURCE -D_DARWIN_UNLIMITED_SELECT -D_REENTRANT   -O3 -fno-fast-math -ggdb3 -Wall -Wextra -Wno-unused-parameter -Wno-parentheses -Wno-long-long -Wno-missing-field-initializers -Wno-tautological-compare -Wno-parentheses-equality -Wno-constant-logical-operand -Wno-self-assign -Wunused-variable -Wimplicit-int -Wpointer-arith -Wwrite-strings -Wdeclaration-after-statement -Wshorten-64-to-32 -Wimplicit-function-declaration -Wdivision-by-zero -Wdeprecated-declarations -Wextra-tokens  -fno-common -pipe conftest.c  -L. -L/Users/dilloncoffman/.rvm/rubies/ruby-2.4.1/lib -L/usr/local/lib -L/usr/local/opt/libyaml/lib -L/usr/local/opt/readline/lib -L/usr/local/opt/libksba/lib -L/usr/local/opt/openssl@1.1/lib -L/usr/local/lib/mysql -L. -fstack-protector -L/usr/local/opt/libyaml/lib -L/usr/local/opt/readline/lib -L/usr/local/opt/libksba/lib -L/usr/local/opt/openssl@1.1/lib    -lz -lm  -lruby.2.4.1 -lmysqlclient -lz -lm  -lpthread -ldl -lobjc "
conftest.c:13:57: error: use of undeclared identifier 'mysql_query'
int t(void) { void ((*volatile p)()); p = (void ((*)()))mysql_query; return !p; }
                                                        ^
1 error generated.
checked program was:
/* begin */
 1: #include "ruby.h"
 2: 
 3: /*top*/
 4: extern int t(void);
 5: int main(int argc, char **argv)
 6: {
 7:   if (argc > 1000000) {
 8:     printf("%p", &t);
 9:   }
10: 
11:   return 0;
12: }
13: int t(void) { void ((*volatile p)()); p = (void ((*)()))mysql_query; return !p; }
/* end */

"gcc -o conftest -I/Users/dilloncoffman/.rvm/rubies/ruby-2.4.1/include/ruby-2.4.0/x86_64-darwin16 -I/Users/dilloncoffman/.rvm/rubies/ruby-2.4.1/include/ruby-2.4.0/ruby/backward -I/Users/dilloncoffman/.rvm/rubies/ruby-2.4.1/include/ruby-2.4.0 -I. -I/usr/local/include  -I/usr/local/opt/libyaml/include -I/usr/local/opt/readline/include -I/usr/local/opt/libksba/include -I/usr/local/opt/openssl@1.1/include -D_XOPEN_SOURCE -D_DARWIN_C_SOURCE -D_DARWIN_UNLIMITED_SELECT -D_REENTRANT   -O3 -fno-fast-math -ggdb3 -Wall -Wextra -Wno-unused-parameter -Wno-parentheses -Wno-long-long -Wno-missing-field-initializers -Wno-tautological-compare -Wno-parentheses-equality -Wno-constant-logical-operand -Wno-self-assign -Wunused-variable -Wimplicit-int -Wpointer-arith -Wwrite-strings -Wdeclaration-after-statement -Wshorten-64-to-32 -Wimplicit-function-declaration -Wdivision-by-zero -Wdeprecated-declarations -Wextra-tokens  -fno-common -pipe conftest.c  -L. -L/Users/dilloncoffman/.rvm/rubies/ruby-2.4.1/lib -L/usr/local/lib -L/usr/local/opt/libyaml/lib -L/usr/local/opt/readline/lib -L/usr/local/opt/libksba/lib -L/usr/local/opt/openssl@1.1/lib -L/usr/local/lib/mysql -L. -fstack-protector -L/usr/local/opt/libyaml/lib -L/usr/local/opt/readline/lib -L/usr/local/opt/libksba/lib -L/usr/local/opt/openssl@1.1/lib    -lz -lm  -lruby.2.4.1 -lmysqlclient -lz -lm  -lpthread -ldl -lobjc "
ld: warning: directory not found for option '-L/usr/local/lib/mysql'
ld: library not found for -lmysqlclient
clang: error: linker command failed with exit code 1 (use -v to see invocation)
checked program was:
/* begin */
 1: #include "ruby.h"
 2: 
 3: /*top*/
 4: extern int t(void);
 5: int main(int argc, char **argv)
 6: {
 7:   if (argc > 1000000) {
 8:     printf("%p", &t);
 9:   }
10: 
11:   return 0;
12: }
13: extern void mysql_query();
14: int t(void) { mysql_query(); return 0; }
/* end */

--------------------

have_library: checking for -lnsl... -------------------- no

"gcc -o conftest -I/Users/dilloncoffman/.rvm/rubies/ruby-2.4.1/include/ruby-2.4.0/x86_64-darwin16 -I/Users/dilloncoffman/.rvm/rubies/ruby-2.4.1/include/ruby-2.4.0/ruby/backward -I/Users/dilloncoffman/.rvm/rubies/ruby-2.4.1/include/ruby-2.4.0 -I. -I/usr/local/include  -I/usr/local/opt/libyaml/include -I/usr/local/opt/readline/include -I/usr/local/opt/libksba/include -I/usr/local/opt/openssl@1.1/include -D_XOPEN_SOURCE -D_DARWIN_C_SOURCE -D_DARWIN_UNLIMITED_SELECT -D_REENTRANT   -O3 -fno-fast-math -ggdb3 -Wall -Wextra -Wno-unused-parameter -Wno-parentheses -Wno-long-long -Wno-missing-field-initializers -Wno-tautological-compare -Wno-parentheses-equality -Wno-constant-logical-operand -Wno-self-assign -Wunused-variable -Wimplicit-int -Wpointer-arith -Wwrite-strings -Wdeclaration-after-statement -Wshorten-64-to-32 -Wimplicit-function-declaration -Wdivision-by-zero -Wdeprecated-declarations -Wextra-tokens  -fno-common -pipe conftest.c  -L. -L/Users/dilloncoffman/.rvm/rubies/ruby-2.4.1/lib -L/usr/local/lib -L/usr/local/opt/libyaml/lib -L/usr/local/opt/readline/lib -L/usr/local/opt/libksba/lib -L/usr/local/opt/openssl@1.1/lib -L. -fstack-protector -L/usr/local/opt/libyaml/lib -L/usr/local/opt/readline/lib -L/usr/local/opt/libksba/lib -L/usr/local/opt/openssl@1.1/lib    -lz -lm  -lruby.2.4.1 -lnsl -lz -lm  -lpthread -ldl -lobjc "
ld: library not found for -lnsl
clang: error: linker command failed with exit code 1 (use -v to see invocation)
checked program was:
/* begin */
 1: #include "ruby.h"
 2: 
 3: /*top*/
 4: extern int t(void);
 5: int main(int argc, char **argv)
 6: {
 7:   if (argc > 1000000) {
 8:     printf("%p", &t);
 9:   }
10: 
11:   return 0;
12: }
13: 
14: int t(void) { ; return 0; }
/* end */

--------------------

find_library: checking for mysql_query() in -lmysqlclient... -------------------- no

"gcc -o conftest -I/Users/dilloncoffman/.rvm/rubies/ruby-2.4.1/include/ruby-2.4.0/x86_64-darwin16 -I/Users/dilloncoffman/.rvm/rubies/ruby-2.4.1/include/ruby-2.4.0/ruby/backward -I/Users/dilloncoffman/.rvm/rubies/ruby-2.4.1/include/ruby-2.4.0 -I. -I/usr/local/include  -I/usr/local/opt/libyaml/include -I/usr/local/opt/readline/include -I/usr/local/opt/libksba/include -I/usr/local/opt/openssl@1.1/include -D_XOPEN_SOURCE -D_DARWIN_C_SOURCE -D_DARWIN_UNLIMITED_SELECT -D_REENTRANT   -O3 -fno-fast-math -ggdb3 -Wall -Wextra -Wno-unused-parameter -Wno-parentheses -Wno-long-long -Wno-missing-field-initializers -Wno-tautological-compare -Wno-parentheses-equality -Wno-constant-logical-operand -Wno-self-assign -Wunused-variable -Wimplicit-int -Wpointer-arith -Wwrite-strings -Wdeclaration-after-statement -Wshorten-64-to-32 -Wimplicit-function-declaration -Wdivision-by-zero -Wdeprecated-declarations -Wextra-tokens  -fno-common -pipe conftest.c  -L. -L/Users/dilloncoffman/.rvm/rubies/ruby-2.4.1/lib -L/usr/local/lib -L/usr/local/opt/libyaml/lib -L/usr/local/opt/readline/lib -L/usr/local/opt/libksba/lib -L/usr/local/opt/openssl@1.1/lib -L. -fstack-protector -L/usr/local/opt/libyaml/lib -L/usr/local/opt/readline/lib -L/usr/local/opt/libksba/lib -L/usr/local/opt/openssl@1.1/lib    -lz -lm  -lruby.2.4.1 -lmysqlclient -lz -lm  -lpthread -ldl -lobjc "
conftest.c:13:57: error: use of undeclared identifier 'mysql_query'
int t(void) { void ((*volatile p)()); p = (void ((*)()))mysql_query; return !p; }
                                                        ^
1 error generated.
checked program was:
/* begin */
 1: #include "ruby.h"
 2: 
 3: /*top*/
 4: extern int t(void);
 5: int main(int argc, char **argv)
 6: {
 7:   if (argc > 1000000) {
 8:     printf("%p", &t);
 9:   }
10: 
11:   return 0;
12: }
13: int t(void) { void ((*volatile p)()); p = (void ((*)()))mysql_query; return !p; }
/* end */

"gcc -o conftest -I/Users/dilloncoffman/.rvm/rubies/ruby-2.4.1/include/ruby-2.4.0/x86_64-darwin16 -I/Users/dilloncoffman/.rvm/rubies/ruby-2.4.1/include/ruby-2.4.0/ruby/backward -I/Users/dilloncoffman/.rvm/rubies/ruby-2.4.1/include/ruby-2.4.0 -I. -I/usr/local/include  -I/usr/local/opt/libyaml/include -I/usr/local/opt/readline/include -I/usr/local/opt/libksba/include -I/usr/local/opt/openssl@1.1/include -D_XOPEN_SOURCE -D_DARWIN_C_SOURCE -D_DARWIN_UNLIMITED_SELECT -D_REENTRANT   -O3 -fno-fast-math -ggdb3 -Wall -Wextra -Wno-unused-parameter -Wno-parentheses -Wno-long-long -Wno-missing-field-initializers -Wno-tautological-compare -Wno-parentheses-equality -Wno-constant-logical-operand -Wno-self-assign -Wunused-variable -Wimplicit-int -Wpointer-arith -Wwrite-strings -Wdeclaration-after-statement -Wshorten-64-to-32 -Wimplicit-function-declaration -Wdivision-by-zero -Wdeprecated-declarations -Wextra-tokens  -fno-common -pipe conftest.c  -L. -L/Users/dilloncoffman/.rvm/rubies/ruby-2.4.1/lib -L/usr/local/lib -L/usr/local/opt/libyaml/lib -L/usr/local/opt/readline/lib -L/usr/local/opt/libksba/lib -L/usr/local/opt/openssl@1.1/lib -L. -fstack-protector -L/usr/local/opt/libyaml/lib -L/usr/local/opt/readline/lib -L/usr/local/opt/libksba/lib -L/usr/local/opt/openssl@1.1/lib    -lz -lm  -lruby.2.4.1 -lmysqlclient -lz -lm  -lpthread -ldl -lobjc "
ld: library not found for -lmysqlclient
clang: error: linker command failed with exit code 1 (use -v to see invocation)
checked program was:
/* begin */
 1: #include "ruby.h"
 2: 
 3: /*top*/
 4: extern int t(void);
 5: int main(int argc, char **argv)
 6: {
 7:   if (argc > 1000000) {
 8:     printf("%p", &t);
 9:   }
10: 
11:   return 0;
12: }
13: extern void mysql_query();
14: int t(void) { mysql_query(); return 0; }
/* end */

"gcc -o conftest -I/Users/dilloncoffman/.rvm/rubies/ruby-2.4.1/include/ruby-2.4.0/x86_64-darwin16 -I/Users/dilloncoffman/.rvm/rubies/ruby-2.4.1/include/ruby-2.4.0/ruby/backward -I/Users/dilloncoffman/.rvm/rubies/ruby-2.4.1/include/ruby-2.4.0 -I. -I/usr/local/include  -I/usr/local/opt/libyaml/include -I/usr/local/opt/readline/include -I/usr/local/opt/libksba/include -I/usr/local/opt/openssl@1.1/include -D_XOPEN_SOURCE -D_DARWIN_C_SOURCE -D_DARWIN_UNLIMITED_SELECT -D_REENTRANT   -O3 -fno-fast-math -ggdb3 -Wall -Wextra -Wno-unused-parameter -Wno-parentheses -Wno-long-long -Wno-missing-field-initializers -Wno-tautological-compare -Wno-parentheses-equality -Wno-constant-logical-operand -Wno-self-assign -Wunused-variable -Wimplicit-int -Wpointer-arith -Wwrite-strings -Wdeclaration-after-statement -Wshorten-64-to-32 -Wimplicit-function-declaration -Wdivision-by-zero -Wdeprecated-declarations -Wextra-tokens  -fno-common -pipe conftest.c  -L. -L/Users/dilloncoffman/.rvm/rubies/ruby-2.4.1/lib -L/usr/local/lib -L/usr/local/opt/libyaml/lib -L/usr/local/opt/readline/lib -L/usr/local/opt/libksba/lib -L/usr/local/opt/openssl@1.1/lib -L. -fstack-protector -L/usr/local/opt/libyaml/lib -L/usr/local/opt/readline/lib -L/usr/local/opt/libksba/lib -L/usr/local/opt/openssl@1.1/lib    -lz -lm  -lruby.2.4.1 -lmysqlclient -lz -lm  -lpthread -ldl -lobjc "
conftest.c:13:57: error: use of undeclared identifier 'mysql_query'
int t(void) { void ((*volatile p)()); p = (void ((*)()))mysql_query; return !p; }
                                                        ^
1 error generated.
checked program was:
/* begin */
 1: #include "ruby.h"
 2: 
 3: /*top*/
 4: extern int t(void);
 5: int main(int argc, char **argv)
 6: {
 7:   if (argc > 1000000) {
 8:     printf("%p", &t);
 9:   }
10: 
11:   return 0;
12: }
13: int t(void) { void ((*volatile p)()); p = (void ((*)()))mysql_query; return !p; }
/* end */

"gcc -o conftest -I/Users/dilloncoffman/.rvm/rubies/ruby-2.4.1/include/ruby-2.4.0/x86_64-darwin16 -I/Users/dilloncoffman/.rvm/rubies/ruby-2.4.1/include/ruby-2.4.0/ruby/backward -I/Users/dilloncoffman/.rvm/rubies/ruby-2.4.1/include/ruby-2.4.0 -I. -I/usr/local/include  -I/usr/local/opt/libyaml/include -I/usr/local/opt/readline/include -I/usr/local/opt/libksba/include -I/usr/local/opt/openssl@1.1/include -D_XOPEN_SOURCE -D_DARWIN_C_SOURCE -D_DARWIN_UNLIMITED_SELECT -D_REENTRANT   -O3 -fno-fast-math -ggdb3 -Wall -Wextra -Wno-unused-parameter -Wno-parentheses -Wno-long-long -Wno-missing-field-initializers -Wno-tautological-compare -Wno-parentheses-equality -Wno-constant-logical-operand -Wno-self-assign -Wunused-variable -Wimplicit-int -Wpointer-arith -Wwrite-strings -Wdeclaration-after-statement -Wshorten-64-to-32 -Wimplicit-function-declaration -Wdivision-by-zero -Wdeprecated-declarations -Wextra-tokens  -fno-common -pipe conftest.c  -L. -L/Users/dilloncoffman/.rvm/rubies/ruby-2.4.1/lib -L/usr/local/lib -L/usr/local/opt/libyaml/lib -L/usr/local/opt/readline/lib -L/usr/local/opt/libksba/lib -L/usr/local/opt/openssl@1.1/lib -L. -fstack-protector -L/usr/local/opt/libyaml/lib -L/usr/local/opt/readline/lib -L/usr/local/opt/libksba/lib -L/usr/local/opt/openssl@1.1/lib    -lz -lm  -lruby.2.4.1 -lmysqlclient -lz -lm  -lpthread -ldl -lobjc "
ld: library not found for -lmysqlclient
clang: error: linker command failed with exit code 1 (use -v to see invocation)
checked program was:
/* begin */
 1: #include "ruby.h"
 2: 
 3: /*top*/
 4: extern int t(void);
 5: int main(int argc, char **argv)
 6: {
 7:   if (argc > 1000000) {
 8:     printf("%p", &t);
 9:   }
10: 
11:   return 0;
12: }
13: extern void mysql_query();
14: int t(void) { mysql_query(); return 0; }
/* end */

"gcc -o conftest -I/Users/dilloncoffman/.rvm/rubies/ruby-2.4.1/include/ruby-2.4.0/x86_64-darwin16 -I/Users/dilloncoffman/.rvm/rubies/ruby-2.4.1/include/ruby-2.4.0/ruby/backward -I/Users/dilloncoffman/.rvm/rubies/ruby-2.4.1/include/ruby-2.4.0 -I. -I/usr/local/include  -I/usr/local/opt/libyaml/include -I/usr/local/opt/readline/include -I/usr/local/opt/libksba/include -I/usr/local/opt/openssl@1.1/include -D_XOPEN_SOURCE -D_DARWIN_C_SOURCE -D_DARWIN_UNLIMITED_SELECT -D_REENTRANT   -O3 -fno-fast-math -ggdb3 -Wall -Wextra -Wno-unused-parameter -Wno-parentheses -Wno-long-long -Wno-missing-field-initializers -Wno-tautological-compare -Wno-parentheses-equality -Wno-constant-logical-operand -Wno-self-assign -Wunused-variable -Wimplicit-int -Wpointer-arith -Wwrite-strings -Wdeclaration-after-statement -Wshorten-64-to-32 -Wimplicit-function-declaration -Wdivision-by-zero -Wdeprecated-declarations -Wextra-tokens  -fno-common -pipe conftest.c  -L. -L/Users/dilloncoffman/.rvm/rubies/ruby-2.4.1/lib -L/usr/local/lib -L/usr/local/opt/libyaml/lib -L/usr/local/opt/readline/lib -L/usr/local/opt/libksba/lib -L/usr/local/opt/openssl@1.1/lib -L/usr/local/lib/mysql -L. -fstack-protector -L/usr/local/opt/libyaml/lib -L/usr/local/opt/readline/lib -L/usr/local/opt/libksba/lib -L/usr/local/opt/openssl@1.1/lib    -lz -lm  -lruby.2.4.1 -lmysqlclient -lz -lm  -lpthread -ldl -lobjc "
conftest.c:13:57: error: use of undeclared identifier 'mysql_query'
int t(void) { void ((*volatile p)()); p = (void ((*)()))mysql_query; return !p; }
                                                        ^
1 error generated.
checked program was:
/* begin */
 1: #include "ruby.h"
 2: 
 3: /*top*/
 4: extern int t(void);
 5: int main(int argc, char **argv)
 6: {
 7:   if (argc > 1000000) {
 8:     printf("%p", &t);
 9:   }
10: 
11:   return 0;
12: }
13: int t(void) { void ((*volatile p)()); p = (void ((*)()))mysql_query; return !p; }
/* end */

"gcc -o conftest -I/Users/dilloncoffman/.rvm/rubies/ruby-2.4.1/include/ruby-2.4.0/x86_64-darwin16 -I/Users/dilloncoffman/.rvm/rubies/ruby-2.4.1/include/ruby-2.4.0/ruby/backward -I/Users/dilloncoffman/.rvm/rubies/ruby-2.4.1/include/ruby-2.4.0 -I. -I/usr/local/include  -I/usr/local/opt/libyaml/include -I/usr/local/opt/readline/include -I/usr/local/opt/libksba/include -I/usr/local/opt/openssl@1.1/include -D_XOPEN_SOURCE -D_DARWIN_C_SOURCE -D_DARWIN_UNLIMITED_SELECT -D_REENTRANT   -O3 -fno-fast-math -ggdb3 -Wall -Wextra -Wno-unused-parameter -Wno-parentheses -Wno-long-long -Wno-missing-field-initializers -Wno-tautological-compare -Wno-parentheses-equality -Wno-constant-logical-operand -Wno-self-assign -Wunused-variable -Wimplicit-int -Wpointer-arith -Wwrite-strings -Wdeclaration-after-statement -Wshorten-64-to-32 -Wimplicit-function-declaration -Wdivision-by-zero -Wdeprecated-declarations -Wextra-tokens  -fno-common -pipe conftest.c  -L. -L/Users/dilloncoffman/.rvm/rubies/ruby-2.4.1/lib -L/usr/local/lib -L/usr/local/opt/libyaml/lib -L/usr/local/opt/readline/lib -L/usr/local/opt/libksba/lib -L/usr/local/opt/openssl@1.1/lib -L/usr/local/lib/mysql -L. -fstack-protector -L/usr/local/opt/libyaml/lib -L/usr/local/opt/readline/lib -L/usr/local/opt/libksba/lib -L/usr/local/opt/openssl@1.1/lib    -lz -lm  -lruby.2.4.1 -lmysqlclient -lz -lm  -lpthread -ldl -lobjc "
ld: warning: directory not found for option '-L/usr/local/lib/mysql'
ld: library not found for -lmysqlclient
clang: error: linker command failed with exit code 1 (use -v to see invocation)
checked program was:
/* begin */
 1: #include "ruby.h"
 2: 
 3: /*top*/
 4: extern int t(void);
 5: int main(int argc, char **argv)
 6: {
 7:   if (argc > 1000000) {
 8:     printf("%p", &t);
 9:   }
10: 
11:   return 0;
12: }
13: extern void mysql_query();
14: int t(void) { mysql_query(); return 0; }
/* end */

--------------------

have_library: checking for -lmygcc... -------------------- no

"gcc -o conftest -I/Users/dilloncoffman/.rvm/rubies/ruby-2.4.1/include/ruby-2.4.0/x86_64-darwin16 -I/Users/dilloncoffman/.rvm/rubies/ruby-2.4.1/include/ruby-2.4.0/ruby/backward -I/Users/dilloncoffman/.rvm/rubies/ruby-2.4.1/include/ruby-2.4.0 -I. -I/usr/local/include  -I/usr/local/opt/libyaml/include -I/usr/local/opt/readline/include -I/usr/local/opt/libksba/include -I/usr/local/opt/openssl@1.1/include -D_XOPEN_SOURCE -D_DARWIN_C_SOURCE -D_DARWIN_UNLIMITED_SELECT -D_REENTRANT   -O3 -fno-fast-math -ggdb3 -Wall -Wextra -Wno-unused-parameter -Wno-parentheses -Wno-long-long -Wno-missing-field-initializers -Wno-tautological-compare -Wno-parentheses-equality -Wno-constant-logical-operand -Wno-self-assign -Wunused-variable -Wimplicit-int -Wpointer-arith -Wwrite-strings -Wdeclaration-after-statement -Wshorten-64-to-32 -Wimplicit-function-declaration -Wdivision-by-zero -Wdeprecated-declarations -Wextra-tokens  -fno-common -pipe conftest.c  -L. -L/Users/dilloncoffman/.rvm/rubies/ruby-2.4.1/lib -L/usr/local/lib -L/usr/local/opt/libyaml/lib -L/usr/local/opt/readline/lib -L/usr/local/opt/libksba/lib -L/usr/local/opt/openssl@1.1/lib -L. -fstack-protector -L/usr/local/opt/libyaml/lib -L/usr/local/opt/readline/lib -L/usr/local/opt/libksba/lib -L/usr/local/opt/openssl@1.1/lib    -lz -lm  -lruby.2.4.1 -lmygcc -lz -lm  -lpthread -ldl -lobjc "
ld: library not found for -lmygcc
clang: error: linker command failed with exit code 1 (use -v to see invocation)
checked program was:
/* begin */
 1: #include "ruby.h"
 2: 
 3: /*top*/
 4: extern int t(void);
 5: int main(int argc, char **argv)
 6: {
 7:   if (argc > 1000000) {
 8:     printf("%p", &t);
 9:   }
10: 
11:   return 0;
12: }
13: 
14: int t(void) { ; return 0; }
/* end */

--------------------

find_library: checking for mysql_query() in -lmysqlclient... -------------------- no

"gcc -o conftest -I/Users/dilloncoffman/.rvm/rubies/ruby-2.4.1/include/ruby-2.4.0/x86_64-darwin16 -I/Users/dilloncoffman/.rvm/rubies/ruby-2.4.1/include/ruby-2.4.0/ruby/backward -I/Users/dilloncoffman/.rvm/rubies/ruby-2.4.1/include/ruby-2.4.0 -I. -I/usr/local/include  -I/usr/local/opt/libyaml/include -I/usr/local/opt/readline/include -I/usr/local/opt/libksba/include -I/usr/local/opt/openssl@1.1/include -D_XOPEN_SOURCE -D_DARWIN_C_SOURCE -D_DARWIN_UNLIMITED_SELECT -D_REENTRANT   -O3 -fno-fast-math -ggdb3 -Wall -Wextra -Wno-unused-parameter -Wno-parentheses -Wno-long-long -Wno-missing-field-initializers -Wno-tautological-compare -Wno-parentheses-equality -Wno-constant-logical-operand -Wno-self-assign -Wunused-variable -Wimplicit-int -Wpointer-arith -Wwrite-strings -Wdeclaration-after-statement -Wshorten-64-to-32 -Wimplicit-function-declaration -Wdivision-by-zero -Wdeprecated-declarations -Wextra-tokens  -fno-common -pipe conftest.c  -L. -L/Users/dilloncoffman/.rvm/rubies/ruby-2.4.1/lib -L/usr/local/lib -L/usr/local/opt/libyaml/lib -L/usr/local/opt/readline/lib -L/usr/local/opt/libksba/lib -L/usr/local/opt/openssl@1.1/lib -L. -fstack-protector -L/usr/local/opt/libyaml/lib -L/usr/local/opt/readline/lib -L/usr/local/opt/libksba/lib -L/usr/local/opt/openssl@1.1/lib    -lz -lm  -lruby.2.4.1 -lmysqlclient -lz -lm  -lpthread -ldl -lobjc "
conftest.c:13:57: error: use of undeclared identifier 'mysql_query'
int t(void) { void ((*volatile p)()); p = (void ((*)()))mysql_query; return !p; }
                                                        ^
1 error generated.
checked program was:
/* begin */
 1: #include "ruby.h"
 2: 
 3: /*top*/
 4: extern int t(void);
 5: int main(int argc, char **argv)
 6: {
 7:   if (argc > 1000000) {
 8:     printf("%p", &t);
 9:   }
10: 
11:   return 0;
12: }
13: int t(void) { void ((*volatile p)()); p = (void ((*)()))mysql_query; return !p; }
/* end */

"gcc -o conftest -I/Users/dilloncoffman/.rvm/rubies/ruby-2.4.1/include/ruby-2.4.0/x86_64-darwin16 -I/Users/dilloncoffman/.rvm/rubies/ruby-2.4.1/include/ruby-2.4.0/ruby/backward -I/Users/dilloncoffman/.rvm/rubies/ruby-2.4.1/include/ruby-2.4.0 -I. -I/usr/local/include  -I/usr/local/opt/libyaml/include -I/usr/local/opt/readline/include -I/usr/local/opt/libksba/include -I/usr/local/opt/openssl@1.1/include -D_XOPEN_SOURCE -D_DARWIN_C_SOURCE -D_DARWIN_UNLIMITED_SELECT -D_REENTRANT   -O3 -fno-fast-math -ggdb3 -Wall -Wextra -Wno-unused-parameter -Wno-parentheses -Wno-long-long -Wno-missing-field-initializers -Wno-tautological-compare -Wno-parentheses-equality -Wno-constant-logical-operand -Wno-self-assign -Wunused-variable -Wimplicit-int -Wpointer-arith -Wwrite-strings -Wdeclaration-after-statement -Wshorten-64-to-32 -Wimplicit-function-declaration -Wdivision-by-zero -Wdeprecated-declarations -Wextra-tokens  -fno-common -pipe conftest.c  -L. -L/Users/dilloncoffman/.rvm/rubies/ruby-2.4.1/lib -L/usr/local/lib -L/usr/local/opt/libyaml/lib -L/usr/local/opt/readline/lib -L/usr/local/opt/libksba/lib -L/usr/local/opt/openssl@1.1/lib -L. -fstack-protector -L/usr/local/opt/libyaml/lib -L/usr/local/opt/readline/lib -L/usr/local/opt/libksba/lib -L/usr/local/opt/openssl@1.1/lib    -lz -lm  -lruby.2.4.1 -lmysqlclient -lz -lm  -lpthread -ldl -lobjc "
ld: library not found for -lmysqlclient
clang: error: linker command failed with exit code 1 (use -v to see invocation)
checked program was:
/* begin */
 1: #include "ruby.h"
 2: 
 3: /*top*/
 4: extern int t(void);
 5: int main(int argc, char **argv)
 6: {
 7:   if (argc > 1000000) {
 8:     printf("%p", &t);
 9:   }
10: 
11:   return 0;
12: }
13: extern void mysql_query();
14: int t(void) { mysql_query(); return 0; }
/* end */

"gcc -o conftest -I/Users/dilloncoffman/.rvm/rubies/ruby-2.4.1/include/ruby-2.4.0/x86_64-darwin16 -I/Users/dilloncoffman/.rvm/rubies/ruby-2.4.1/include/ruby-2.4.0/ruby/backward -I/Users/dilloncoffman/.rvm/rubies/ruby-2.4.1/include/ruby-2.4.0 -I. -I/usr/local/include  -I/usr/local/opt/libyaml/include -I/usr/local/opt/readline/include -I/usr/local/opt/libksba/include -I/usr/local/opt/openssl@1.1/include -D_XOPEN_SOURCE -D_DARWIN_C_SOURCE -D_DARWIN_UNLIMITED_SELECT -D_REENTRANT   -O3 -fno-fast-math -ggdb3 -Wall -Wextra -Wno-unused-parameter -Wno-parentheses -Wno-long-long -Wno-missing-field-initializers -Wno-tautological-compare -Wno-parentheses-equality -Wno-constant-logical-operand -Wno-self-assign -Wunused-variable -Wimplicit-int -Wpointer-arith -Wwrite-strings -Wdeclaration-after-statement -Wshorten-64-to-32 -Wimplicit-function-declaration -Wdivision-by-zero -Wdeprecated-declarations -Wextra-tokens  -fno-common -pipe conftest.c  -L. -L/Users/dilloncoffman/.rvm/rubies/ruby-2.4.1/lib -L/usr/local/lib -L/usr/local/opt/libyaml/lib -L/usr/local/opt/readline/lib -L/usr/local/opt/libksba/lib -L/usr/local/opt/openssl@1.1/lib -L. -fstack-protector -L/usr/local/opt/libyaml/lib -L/usr/local/opt/readline/lib -L/usr/local/opt/libksba/lib -L/usr/local/opt/openssl@1.1/lib    -lz -lm  -lruby.2.4.1 -lmysqlclient -lz -lm  -lpthread -ldl -lobjc "
conftest.c:13:57: error: use of undeclared identifier 'mysql_query'
int t(void) { void ((*volatile p)()); p = (void ((*)()))mysql_query; return !p; }
                                                        ^
1 error generated.
checked program was:
/* begin */
 1: #include "ruby.h"
 2: 
 3: /*top*/
 4: extern int t(void);
 5: int main(int argc, char **argv)
 6: {
 7:   if (argc > 1000000) {
 8:     printf("%p", &t);
 9:   }
10: 
11:   return 0;
12: }
13: int t(void) { void ((*volatile p)()); p = (void ((*)()))mysql_query; return !p; }
/* end */

"gcc -o conftest -I/Users/dilloncoffman/.rvm/rubies/ruby-2.4.1/include/ruby-2.4.0/x86_64-darwin16 -I/Users/dilloncoffman/.rvm/rubies/ruby-2.4.1/include/ruby-2.4.0/ruby/backward -I/Users/dilloncoffman/.rvm/rubies/ruby-2.4.1/include/ruby-2.4.0 -I. -I/usr/local/include  -I/usr/local/opt/libyaml/include -I/usr/local/opt/readline/include -I/usr/local/opt/libksba/include -I/usr/local/opt/openssl@1.1/include -D_XOPEN_SOURCE -D_DARWIN_C_SOURCE -D_DARWIN_UNLIMITED_SELECT -D_REENTRANT   -O3 -fno-fast-math -ggdb3 -Wall -Wextra -Wno-unused-parameter -Wno-parentheses -Wno-long-long -Wno-missing-field-initializers -Wno-tautological-compare -Wno-parentheses-equality -Wno-constant-logical-operand -Wno-self-assign -Wunused-variable -Wimplicit-int -Wpointer-arith -Wwrite-strings -Wdeclaration-after-statement -Wshorten-64-to-32 -Wimplicit-function-declaration -Wdivision-by-zero -Wdeprecated-declarations -Wextra-tokens  -fno-common -pipe conftest.c  -L. -L/Users/dilloncoffman/.rvm/rubies/ruby-2.4.1/lib -L/usr/local/lib -L/usr/local/opt/libyaml/lib -L/usr/local/opt/readline/lib -L/usr/local/opt/libksba/lib -L/usr/local/opt/openssl@1.1/lib -L. -fstack-protector -L/usr/local/opt/libyaml/lib -L/usr/local/opt/readline/lib -L/usr/local/opt/libksba/lib -L/usr/local/opt/openssl@1.1/lib    -lz -lm  -lruby.2.4.1 -lmysqlclient -lz -lm  -lpthread -ldl -lobjc "
ld: library not found for -lmysqlclient
clang: error: linker command failed with exit code 1 (use -v to see invocation)
checked program was:
/* begin */
 1: #include "ruby.h"
 2: 
 3: /*top*/
 4: extern int t(void);
 5: int main(int argc, char **argv)
 6: {
 7:   if (argc > 1000000) {
 8:     printf("%p", &t);
 9:   }
10: 
11:   return 0;
12: }
13: extern void mysql_query();
14: int t(void) { mysql_query(); return 0; }
/* end */

"gcc -o conftest -I/Users/dilloncoffman/.rvm/rubies/ruby-2.4.1/include/ruby-2.4.0/x86_64-darwin16 -I/Users/dilloncoffman/.rvm/rubies/ruby-2.4.1/include/ruby-2.4.0/ruby/backward -I/Users/dilloncoffman/.rvm/rubies/ruby-2.4.1/include/ruby-2.4.0 -I. -I/usr/local/include  -I/usr/local/opt/libyaml/include -I/usr/local/opt/readline/include -I/usr/local/opt/libksba/include -I/usr/local/opt/openssl@1.1/include -D_XOPEN_SOURCE -D_DARWIN_C_SOURCE -D_DARWIN_UNLIMITED_SELECT -D_REENTRANT   -O3 -fno-fast-math -ggdb3 -Wall -Wextra -Wno-unused-parameter -Wno-parentheses -Wno-long-long -Wno-missing-field-initializers -Wno-tautological-compare -Wno-parentheses-equality -Wno-constant-logical-operand -Wno-self-assign -Wunused-variable -Wimplicit-int -Wpointer-arith -Wwrite-strings -Wdeclaration-after-statement -Wshorten-64-to-32 -Wimplicit-function-declaration -Wdivision-by-zero -Wdeprecated-declarations -Wextra-tokens  -fno-common -pipe conftest.c  -L. -L/Users/dilloncoffman/.rvm/rubies/ruby-2.4.1/lib -L/usr/local/lib -L/usr/local/opt/libyaml/lib -L/usr/local/opt/readline/lib -L/usr/local/opt/libksba/lib -L/usr/local/opt/openssl@1.1/lib -L/usr/local/lib/mysql -L. -fstack-protector -L/usr/local/opt/libyaml/lib -L/usr/local/opt/readline/lib -L/usr/local/opt/libksba/lib -L/usr/local/opt/openssl@1.1/lib    -lz -lm  -lruby.2.4.1 -lmysqlclient -lz -lm  -lpthread -ldl -lobjc "
conftest.c:13:57: error: use of undeclared identifier 'mysql_query'
int t(void) { void ((*volatile p)()); p = (void ((*)()))mysql_query; return !p; }
                                                        ^
1 error generated.
checked program was:
/* begin */
 1: #include "ruby.h"
 2: 
 3: /*top*/
 4: extern int t(void);
 5: int main(int argc, char **argv)
 6: {
 7:   if (argc > 1000000) {
 8:     printf("%p", &t);
 9:   }
10: 
11:   return 0;
12: }
13: int t(void) { void ((*volatile p)()); p = (void ((*)()))mysql_query; return !p; }
/* end */

"gcc -o conftest -I/Users/dilloncoffman/.rvm/rubies/ruby-2.4.1/include/ruby-2.4.0/x86_64-darwin16 -I/Users/dilloncoffman/.rvm/rubies/ruby-2.4.1/include/ruby-2.4.0/ruby/backward -I/Users/dilloncoffman/.rvm/rubies/ruby-2.4.1/include/ruby-2.4.0 -I. -I/usr/local/include  -I/usr/local/opt/libyaml/include -I/usr/local/opt/readline/include -I/usr/local/opt/libksba/include -I/usr/local/opt/openssl@1.1/include -D_XOPEN_SOURCE -D_DARWIN_C_SOURCE -D_DARWIN_UNLIMITED_SELECT -D_REENTRANT   -O3 -fno-fast-math -ggdb3 -Wall -Wextra -Wno-unused-parameter -Wno-parentheses -Wno-long-long -Wno-missing-field-initializers -Wno-tautological-compare -Wno-parentheses-equality -Wno-constant-logical-operand -Wno-self-assign -Wunused-variable -Wimplicit-int -Wpointer-arith -Wwrite-strings -Wdeclaration-after-statement -Wshorten-64-to-32 -Wimplicit-function-declaration -Wdivision-by-zero -Wdeprecated-declarations -Wextra-tokens  -fno-common -pipe conftest.c  -L. -L/Users/dilloncoffman/.rvm/rubies/ruby-2.4.1/lib -L/usr/local/lib -L/usr/local/opt/libyaml/lib -L/usr/local/opt/readline/lib -L/usr/local/opt/libksba/lib -L/usr/local/opt/openssl@1.1/lib -L/usr/local/lib/mysql -L. -fstack-protector -L/usr/local/opt/libyaml/lib -L/usr/local/opt/readline/lib -L/usr/local/opt/libksba/lib -L/usr/local/opt/openssl@1.1/lib    -lz -lm  -lruby.2.4.1 -lmysqlclient -lz -lm  -lpthread -ldl -lobjc "
ld: warning: directory not found for option '-L/usr/local/lib/mysql'
ld: library not found for -lmysqlclient
clang: error: linker command failed with exit code 1 (use -v to see invocation)
checked program was:
/* begin */
 1: #include "ruby.h"
 2: 
 3: /*top*/
 4: extern int t(void);
 5: int main(int argc, char **argv)
 6: {
 7:   if (argc > 1000000) {
 8:     printf("%p", &t);
 9:   }
10: 
11:   return 0;
12: }
13: extern void mysql_query();
14: int t(void) { mysql_query(); return 0; }
/* end */

--------------------

